This is pdfTeX, Version 3.14159265-2.6-1.40.18 (TeX Live 2017/Arch Linux) (preloaded format=pdflatex 2018.3.5)  11 JUN 2018 14:10
entering extended mode
 restricted \write18 enabled.
 %&-line parsing enabled.
**Reporte2018.tex
(./Reporte2018.tex
LaTeX2e <2017-04-15>
Babel <3.18> and hyphenation patterns for 84 language(s) loaded.
(/usr/share/texmf-dist/tex/latex/base/article.cls
Document Class: article 2014/09/29 v1.4h Standard LaTeX document class
(/usr/share/texmf-dist/tex/latex/base/size11.clo
File: size11.clo 2014/09/29 v1.4h Standard LaTeX file (size option)
)
\c@part=\count79
\c@section=\count80
\c@subsection=\count81
\c@subsubsection=\count82
\c@paragraph=\count83
\c@subparagraph=\count84
\c@figure=\count85
\c@table=\count86
\abovecaptionskip=\skip41
\belowcaptionskip=\skip42
\bibindent=\dimen102
)
(/usr/share/texmf-dist/tex/latex/geometry/geometry.sty
Package: geometry 2010/09/12 v5.6 Page Geometry

(/usr/share/texmf-dist/tex/latex/graphics/keyval.sty
Package: keyval 2014/10/28 v1.15 key=value parser (DPC)
\KV@toks@=\toks14
)
(/usr/share/texmf-dist/tex/generic/oberdiek/ifpdf.sty
Package: ifpdf 2017/03/15 v3.2 Provides the ifpdf switch
)
(/usr/share/texmf-dist/tex/generic/oberdiek/ifvtex.sty
Package: ifvtex 2016/05/16 v1.6 Detect VTeX and its facilities (HO)
Package ifvtex Info: VTeX not detected.
)
(/usr/share/texmf-dist/tex/generic/ifxetex/ifxetex.sty
Package: ifxetex 2010/09/12 v0.6 Provides ifxetex conditional
)
\Gm@cnth=\count87
\Gm@cntv=\count88
\c@Gm@tempcnt=\count89
\Gm@bindingoffset=\dimen103
\Gm@wd@mp=\dimen104
\Gm@odd@mp=\dimen105
\Gm@even@mp=\dimen106
\Gm@layoutwidth=\dimen107
\Gm@layoutheight=\dimen108
\Gm@layouthoffset=\dimen109
\Gm@layoutvoffset=\dimen110
\Gm@dimlist=\toks15
)
(/usr/share/texmf-dist/tex/latex/base/fontenc.sty
Package: fontenc 2017/04/05 v2.0i Standard LaTeX package

(/usr/share/texmf-dist/tex/latex/base/t1enc.def
File: t1enc.def 2017/04/05 v2.0i Standard LaTeX file
LaTeX Font Info:    Redeclaring font encoding T1 on input line 48.
))
(/usr/share/texmf-dist/tex/latex/base/inputenc.sty
Package: inputenc 2015/03/17 v1.2c Input encoding file
\inpenc@prehook=\toks16
\inpenc@posthook=\toks17

(/usr/share/texmf-dist/tex/latex/ucs/utf8x.def
File: utf8x.def 2004/10/17 UCS: Input encoding UTF-8
))
(/usr/share/texmf-dist/tex/latex/ucs/ucs.sty
Package: ucs 2013/05/11 v2.2 UCS: Unicode input support

(/usr/share/texmf-dist/tex/latex/ucs/data/uni-global.def
File: uni-global.def 2013/05/13 UCS: Unicode global data
)
\uc@secondtry=\count90
\uc@combtoks=\toks18
\uc@combtoksb=\toks19
\uc@temptokena=\toks20
)
(/usr/share/texmf-dist/tex/latex/lm/lmodern.sty
Package: lmodern 2009/10/30 v1.6 Latin Modern Fonts
LaTeX Font Info:    Overwriting symbol font `operators' in version `normal'
(Font)                  OT1/cmr/m/n --> OT1/lmr/m/n on input line 22.
LaTeX Font Info:    Overwriting symbol font `letters' in version `normal'
(Font)                  OML/cmm/m/it --> OML/lmm/m/it on input line 23.
LaTeX Font Info:    Overwriting symbol font `symbols' in version `normal'
(Font)                  OMS/cmsy/m/n --> OMS/lmsy/m/n on input line 24.
LaTeX Font Info:    Overwriting symbol font `largesymbols' in version `normal'
(Font)                  OMX/cmex/m/n --> OMX/lmex/m/n on input line 25.
LaTeX Font Info:    Overwriting symbol font `operators' in version `bold'
(Font)                  OT1/cmr/bx/n --> OT1/lmr/bx/n on input line 26.
LaTeX Font Info:    Overwriting symbol font `letters' in version `bold'
(Font)                  OML/cmm/b/it --> OML/lmm/b/it on input line 27.
LaTeX Font Info:    Overwriting symbol font `symbols' in version `bold'
(Font)                  OMS/cmsy/b/n --> OMS/lmsy/b/n on input line 28.
LaTeX Font Info:    Overwriting symbol font `largesymbols' in version `bold'
(Font)                  OMX/cmex/m/n --> OMX/lmex/m/n on input line 29.
LaTeX Font Info:    Overwriting math alphabet `\mathbf' in version `normal'
(Font)                  OT1/cmr/bx/n --> OT1/lmr/bx/n on input line 31.
LaTeX Font Info:    Overwriting math alphabet `\mathsf' in version `normal'
(Font)                  OT1/cmss/m/n --> OT1/lmss/m/n on input line 32.
LaTeX Font Info:    Overwriting math alphabet `\mathit' in version `normal'
(Font)                  OT1/cmr/m/it --> OT1/lmr/m/it on input line 33.
LaTeX Font Info:    Overwriting math alphabet `\mathtt' in version `normal'
(Font)                  OT1/cmtt/m/n --> OT1/lmtt/m/n on input line 34.
LaTeX Font Info:    Overwriting math alphabet `\mathbf' in version `bold'
(Font)                  OT1/cmr/bx/n --> OT1/lmr/bx/n on input line 35.
LaTeX Font Info:    Overwriting math alphabet `\mathsf' in version `bold'
(Font)                  OT1/cmss/bx/n --> OT1/lmss/bx/n on input line 36.
LaTeX Font Info:    Overwriting math alphabet `\mathit' in version `bold'
(Font)                  OT1/cmr/bx/it --> OT1/lmr/bx/it on input line 37.
LaTeX Font Info:    Overwriting math alphabet `\mathtt' in version `bold'
(Font)                  OT1/cmtt/m/n --> OT1/lmtt/m/n on input line 38.
)
(/usr/share/texmf-dist/tex/generic/babel/babel.sty
Package: babel 2018/02/14 3.18 The Babel package

(/usr/share/texmf-dist/tex/generic/babel/switch.def
File: switch.def 2018/02/14 3.18 Babel switching mechanism
)
(/usr/share/texmf-dist/tex/generic/babel-spanish/spanish.ldf
Language: spanish.ldf 2016/03/03 v5.0p Spanish support from the babel system

(/usr/share/texmf-dist/tex/generic/babel/babel.def
File: babel.def 2018/02/14 3.18 Babel common definitions
\babel@savecnt=\count91
\U@D=\dimen111

(/usr/share/texmf-dist/tex/generic/babel/txtbabel.def)
\bbl@dirlevel=\count92
)
\es@quottoks=\toks21
\es@quotdepth=\count93
Package babel Info: Making " an active character on input line 561.
Package babel Info: Making . an active character on input line 662.
Package babel Info: Making < an active character on input line 707.
Package babel Info: Making > an active character on input line 707.
))
(/usr/share/texmf-dist/tex/latex/amsmath/amsmath.sty
Package: amsmath 2017/09/02 v2.17a AMS math features
\@mathmargin=\skip43

For additional information on amsmath, use the `?' option.
(/usr/share/texmf-dist/tex/latex/amsmath/amstext.sty
Package: amstext 2000/06/29 v2.01 AMS text

(/usr/share/texmf-dist/tex/latex/amsmath/amsgen.sty
File: amsgen.sty 1999/11/30 v2.0 generic functions
\@emptytoks=\toks22
\ex@=\dimen112
))
(/usr/share/texmf-dist/tex/latex/amsmath/amsbsy.sty
Package: amsbsy 1999/11/29 v1.2d Bold Symbols
\pmbraise@=\dimen113
)
(/usr/share/texmf-dist/tex/latex/amsmath/amsopn.sty
Package: amsopn 2016/03/08 v2.02 operator names
)
\inf@bad=\count94
LaTeX Info: Redefining \frac on input line 213.
\uproot@=\count95
\leftroot@=\count96
LaTeX Info: Redefining \overline on input line 375.
\classnum@=\count97
\DOTSCASE@=\count98
LaTeX Info: Redefining \ldots on input line 472.
LaTeX Info: Redefining \dots on input line 475.
LaTeX Info: Redefining \cdots on input line 596.
\Mathstrutbox@=\box26
\strutbox@=\box27
\big@size=\dimen114
LaTeX Font Info:    Redeclaring font encoding OML on input line 712.
LaTeX Font Info:    Redeclaring font encoding OMS on input line 713.
\macc@depth=\count99
\c@MaxMatrixCols=\count100
\dotsspace@=\muskip10
\c@parentequation=\count101
\dspbrk@lvl=\count102
\tag@help=\toks23
\row@=\count103
\column@=\count104
\maxfields@=\count105
\andhelp@=\toks24
\eqnshift@=\dimen115
\alignsep@=\dimen116
\tagshift@=\dimen117
\tagwidth@=\dimen118
\totwidth@=\dimen119
\lineht@=\dimen120
\@envbody=\toks25
\multlinegap=\skip44
\multlinetaggap=\skip45
\mathdisplay@stack=\toks26
LaTeX Info: Redefining \[ on input line 2817.
LaTeX Info: Redefining \] on input line 2818.
)
(/usr/share/texmf-dist/tex/latex/graphics/graphicx.sty
Package: graphicx 2017/06/01 v1.1a Enhanced LaTeX Graphics (DPC,SPQR)

(/usr/share/texmf-dist/tex/latex/graphics/graphics.sty
Package: graphics 2017/06/25 v1.2c Standard LaTeX Graphics (DPC,SPQR)

(/usr/share/texmf-dist/tex/latex/graphics/trig.sty
Package: trig 2016/01/03 v1.10 sin cos tan (DPC)
)
(/usr/share/texmf-dist/tex/latex/graphics-cfg/graphics.cfg
File: graphics.cfg 2016/06/04 v1.11 sample graphics configuration
)
Package graphics Info: Driver file: pdftex.def on input line 99.

(/usr/share/texmf-dist/tex/latex/graphics-def/pdftex.def
File: pdftex.def 2018/01/08 v1.0l Graphics/color driver for pdftex
))
\Gin@req@height=\dimen121
\Gin@req@width=\dimen122
)
(/usr/share/texmf-dist/tex/latex/float/float.sty
Package: float 2001/11/08 v1.3d Float enhancements (AL)
\c@float@type=\count106
\float@exts=\toks27
\float@box=\box28
\@float@everytoks=\toks28
\@floatcapt=\box29
)
(/usr/share/texmf-dist/tex/latex/booktabs/booktabs.sty
Package: booktabs 2016/04/27 v1.618033 publication quality tables
\heavyrulewidth=\dimen123
\lightrulewidth=\dimen124
\cmidrulewidth=\dimen125
\belowrulesep=\dimen126
\belowbottomsep=\dimen127
\aboverulesep=\dimen128
\abovetopsep=\dimen129
\cmidrulesep=\dimen130
\cmidrulekern=\dimen131
\defaultaddspace=\dimen132
\@cmidla=\count107
\@cmidlb=\count108
\@aboverulesep=\dimen133
\@belowrulesep=\dimen134
\@thisruleclass=\count109
\@lastruleclass=\count110
\@thisrulewidth=\dimen135
)
(/usr/share/texmf-dist/tex/latex/hyperref/hyperref.sty
Package: hyperref 2018/02/06 v6.86b Hypertext links for LaTeX

(/usr/share/texmf-dist/tex/generic/oberdiek/hobsub-hyperref.sty
Package: hobsub-hyperref 2016/05/16 v1.14 Bundle oberdiek, subset hyperref (HO)


(/usr/share/texmf-dist/tex/generic/oberdiek/hobsub-generic.sty
Package: hobsub-generic 2016/05/16 v1.14 Bundle oberdiek, subset generic (HO)
Package: hobsub 2016/05/16 v1.14 Construct package bundles (HO)
Package: infwarerr 2016/05/16 v1.4 Providing info/warning/error messages (HO)
Package: ltxcmds 2016/05/16 v1.23 LaTeX kernel commands for general use (HO)
Package: ifluatex 2016/05/16 v1.4 Provides the ifluatex switch (HO)
Package ifluatex Info: LuaTeX not detected.
Package hobsub Info: Skipping package `ifvtex' (already loaded).
Package: intcalc 2016/05/16 v1.2 Expandable calculations with integers (HO)
Package hobsub Info: Skipping package `ifpdf' (already loaded).
Package: etexcmds 2016/05/16 v1.6 Avoid name clashes with e-TeX commands (HO)
Package etexcmds Info: Could not find \expanded.
(etexcmds)             That can mean that you are not using pdfTeX 1.50 or
(etexcmds)             that some package has redefined \expanded.
(etexcmds)             In the latter case, load this package earlier.
Package: kvsetkeys 2016/05/16 v1.17 Key value parser (HO)
Package: kvdefinekeys 2016/05/16 v1.4 Define keys (HO)
Package: pdftexcmds 2018/01/21 v0.26 Utility functions of pdfTeX for LuaTeX (HO
)
Package pdftexcmds Info: LuaTeX not detected.
Package pdftexcmds Info: \pdf@primitive is available.
Package pdftexcmds Info: \pdf@ifprimitive is available.
Package pdftexcmds Info: \pdfdraftmode found.
Package: pdfescape 2016/05/16 v1.14 Implements pdfTeX's escape features (HO)
Package: bigintcalc 2016/05/16 v1.4 Expandable calculations on big integers (HO
)
Package: bitset 2016/05/16 v1.2 Handle bit-vector datatype (HO)
Package: uniquecounter 2016/05/16 v1.3 Provide unlimited unique counter (HO)
)
Package hobsub Info: Skipping package `hobsub' (already loaded).
Package: letltxmacro 2016/05/16 v1.5 Let assignment for LaTeX macros (HO)
Package: hopatch 2016/05/16 v1.3 Wrapper for package hooks (HO)
Package: xcolor-patch 2016/05/16 xcolor patch
Package: atveryend 2016/05/16 v1.9 Hooks at the very end of document (HO)
Package atveryend Info: \enddocument detected (standard20110627).
Package: atbegshi 2016/06/09 v1.18 At begin shipout hook (HO)
Package: refcount 2016/05/16 v3.5 Data extraction from label references (HO)
Package: hycolor 2016/05/16 v1.8 Color options for hyperref/bookmark (HO)
)
(/usr/share/texmf-dist/tex/latex/oberdiek/auxhook.sty
Package: auxhook 2016/05/16 v1.4 Hooks for auxiliary files (HO)
)
(/usr/share/texmf-dist/tex/latex/oberdiek/kvoptions.sty
Package: kvoptions 2016/05/16 v3.12 Key value format for package options (HO)
)
\@linkdim=\dimen136
\Hy@linkcounter=\count111
\Hy@pagecounter=\count112

(/usr/share/texmf-dist/tex/latex/hyperref/pd1enc.def
File: pd1enc.def 2018/02/06 v6.86b Hyperref: PDFDocEncoding definition (HO)
)
\Hy@SavedSpaceFactor=\count113

(/usr/share/texmf-dist/tex/latex/latexconfig/hyperref.cfg
File: hyperref.cfg 2002/06/06 v1.2 hyperref configuration of TeXLive
)
Package hyperref Info: Hyper figures OFF on input line 4509.
Package hyperref Info: Link nesting OFF on input line 4514.
Package hyperref Info: Hyper index ON on input line 4517.
Package hyperref Info: Plain pages OFF on input line 4524.
Package hyperref Info: Backreferencing OFF on input line 4529.
Package hyperref Info: Implicit mode ON; LaTeX internals redefined.
Package hyperref Info: Bookmarks ON on input line 4762.
\c@Hy@tempcnt=\count114

(/usr/share/texmf-dist/tex/latex/url/url.sty
\Urlmuskip=\muskip11
Package: url 2013/09/16  ver 3.4  Verb mode for urls, etc.
)
LaTeX Info: Redefining \url on input line 5115.
\XeTeXLinkMargin=\dimen137
\Fld@menulength=\count115
\Field@Width=\dimen138
\Fld@charsize=\dimen139
Package hyperref Info: Hyper figures OFF on input line 6369.
Package hyperref Info: Link nesting OFF on input line 6374.
Package hyperref Info: Hyper index ON on input line 6377.
Package hyperref Info: backreferencing OFF on input line 6384.
Package hyperref Info: Link coloring OFF on input line 6389.
Package hyperref Info: Link coloring with OCG OFF on input line 6394.
Package hyperref Info: PDF/A mode OFF on input line 6399.
LaTeX Info: Redefining \ref on input line 6439.
LaTeX Info: Redefining \pageref on input line 6443.
\Hy@abspage=\count116
\c@Item=\count117
\c@Hfootnote=\count118
)
Package hyperref Info: Driver (autodetected): hpdftex.

(/usr/share/texmf-dist/tex/latex/hyperref/hpdftex.def
File: hpdftex.def 2018/02/06 v6.86b Hyperref driver for pdfTeX
\Fld@listcount=\count119
\c@bookmark@seq@number=\count120

(/usr/share/texmf-dist/tex/latex/oberdiek/rerunfilecheck.sty
Package: rerunfilecheck 2016/05/16 v1.8 Rerun checks for auxiliary files (HO)
Package uniquecounter Info: New unique counter `rerunfilecheck' on input line 2
82.
)
\Hy@SectionHShift=\skip46
)
(/usr/share/texmf-dist/tex/latex/graphics/lscape.sty
Package: lscape 2000/10/22 v3.01 Landscape Pages (DPC)
)
(/usr/share/texmf-dist/tex/latex/tools/tabularx.sty
Package: tabularx 2016/02/03 v2.11 `tabularx' package (DPC)

(/usr/share/texmf-dist/tex/latex/tools/array.sty
Package: array 2016/10/06 v2.4d Tabular extension package (FMi)
\col@sep=\dimen140
\extrarowheight=\dimen141
\NC@list=\toks29
\extratabsurround=\skip47
\backup@length=\skip48
)
\TX@col@width=\dimen142
\TX@old@table=\dimen143
\TX@old@col=\dimen144
\TX@target=\dimen145
\TX@delta=\dimen146
\TX@cols=\count121
\TX@ftn=\toks30
) (./Reporte2018.aux
LaTeX Info: Redefining \. on input line 23.
LaTeX Info: Redefining \% on input line 23.
)
\openout1 = `Reporte2018.aux'.

LaTeX Font Info:    Checking defaults for OML/cmm/m/it on input line 61.
LaTeX Font Info:    ... okay on input line 61.
LaTeX Font Info:    Checking defaults for T1/cmr/m/n on input line 61.
LaTeX Font Info:    ... okay on input line 61.
LaTeX Font Info:    Checking defaults for OT1/cmr/m/n on input line 61.
LaTeX Font Info:    ... okay on input line 61.
LaTeX Font Info:    Checking defaults for OMS/cmsy/m/n on input line 61.
LaTeX Font Info:    ... okay on input line 61.
LaTeX Font Info:    Checking defaults for OMX/cmex/m/n on input line 61.
LaTeX Font Info:    ... okay on input line 61.
LaTeX Font Info:    Checking defaults for U/cmr/m/n on input line 61.
LaTeX Font Info:    ... okay on input line 61.
LaTeX Font Info:    Checking defaults for PD1/pdf/m/n on input line 61.
LaTeX Font Info:    ... okay on input line 61.
LaTeX Font Info:    Try loading font information for T1+lmr on input line 61.

(/usr/share/texmf-dist/tex/latex/lm/t1lmr.fd
File: t1lmr.fd 2009/10/30 v1.6 Font defs for Latin Modern
)
*geometry* driver: auto-detecting
*geometry* detected driver: pdftex
*geometry* verbose mode - [ preamble ] result:
* driver: pdftex
* paper: a4paper
* layout: <same size as paper>
* layoutoffset:(h,v)=(0.0pt,0.0pt)
* modes: 
* h-part:(L,W,R)=(62.59596pt, 472.31595pt, 62.59596pt)
* v-part:(T,H,B)=(56.9055pt, 731.23584pt, 56.9055pt)
* \paperwidth=597.50787pt
* \paperheight=845.04684pt
* \textwidth=472.31595pt
* \textheight=731.23584pt
* \oddsidemargin=-9.67403pt
* \evensidemargin=-9.67403pt
* \topmargin=-52.36449pt
* \headheight=12.0pt
* \headsep=25.0pt
* \topskip=11.0pt
* \footskip=30.0pt
* \marginparwidth=50.0pt
* \marginparsep=10.0pt
* \columnsep=10.0pt
* \skip\footins=10.0pt plus 4.0pt minus 2.0pt
* \hoffset=0.0pt
* \voffset=0.0pt
* \mag=1000
* \@twocolumnfalse
* \@twosidefalse
* \@mparswitchfalse
* \@reversemarginfalse
* (1in=72.27pt=25.4mm, 1cm=28.453pt)

(/usr/share/texmf-dist/tex/latex/ucs/ucsencs.def
File: ucsencs.def 2011/01/21 Fixes to fontencodings LGR, T3
)
LaTeX Info: Redefining \. on input line 61.
LaTeX Info: Redefining \% on input line 61.

(/usr/share/texmf-dist/tex/context/base/mkii/supp-pdf.mkii
[Loading MPS to PDF converter (version 2006.09.02).]
\scratchcounter=\count122
\scratchdimen=\dimen147
\scratchbox=\box30
\nofMPsegments=\count123
\nofMParguments=\count124
\everyMPshowfont=\toks31
\MPscratchCnt=\count125
\MPscratchDim=\dimen148
\MPnumerator=\count126
\makeMPintoPDFobject=\count127
\everyMPtoPDFconversion=\toks32
) (/usr/share/texmf-dist/tex/latex/oberdiek/epstopdf-base.sty
Package: epstopdf-base 2016/05/15 v2.6 Base part for package epstopdf

(/usr/share/texmf-dist/tex/latex/oberdiek/grfext.sty
Package: grfext 2016/05/16 v1.2 Manage graphics extensions (HO)
)
Package epstopdf-base Info: Redefining graphics rule for `.eps' on input line 4
38.
Package grfext Info: Graphics extension search list:
(grfext)             [.pdf,.png,.jpg,.mps,.jpeg,.jbig2,.jb2,.PDF,.PNG,.JPG,.JPE
G,.JBIG2,.JB2,.eps]
(grfext)             \AppendGraphicsExtensions on input line 456.

(/usr/share/texmf-dist/tex/latex/latexconfig/epstopdf-sys.cfg
File: epstopdf-sys.cfg 2010/07/13 v1.3 Configuration of (r)epstopdf for TeX Liv
e
))
\AtBeginShipoutBox=\box31
Package hyperref Info: Link coloring OFF on input line 61.

(/usr/share/texmf-dist/tex/latex/hyperref/nameref.sty
Package: nameref 2016/05/21 v2.44 Cross-referencing by name of section

(/usr/share/texmf-dist/tex/generic/oberdiek/gettitlestring.sty
Package: gettitlestring 2016/05/16 v1.5 Cleanup title references (HO)
)
\c@section@level=\count128
)
LaTeX Info: Redefining \ref on input line 61.
LaTeX Info: Redefining \pageref on input line 61.
LaTeX Info: Redefining \nameref on input line 61.

(./Reporte2018.out) (./Reporte2018.out)
\@outlinefile=\write3
\openout3 = `Reporte2018.out'.

<images/escudo-unam.png, id=56, 300.83122pt x 338.14134pt>
File: images/escudo-unam.png Graphic file (type png)
<use images/escudo-unam.png>
Package pdftex.def Info: images/escudo-unam.png  used on input line 65.
(pdftex.def)             Requested size: 87.59998pt x 98.46092pt.

(/usr/share/texmf-dist/tex/latex/ucs/data/uni-0.def
File: uni-0.def 2013/05/13 UCS: Unicode data U+0000..U+00FF
)
<images/escudo-fi.png, id=58, 246.6816pt x 296.307pt>
File: images/escudo-fi.png Graphic file (type png)
<use images/escudo-fi.png>
Package pdftex.def Info: images/escudo-fi.png  used on input line 65.
(pdftex.def)             Requested size: 87.59998pt x 105.2191pt.
 (./Reporte2018.toc
LaTeX Info: Redefining \. on input line 1.
LaTeX Info: Redefining \% on input line 1.
LaTeX Font Info:    Try loading font information for OT1+lmr on input line 3.

(/usr/share/texmf-dist/tex/latex/lm/ot1lmr.fd
File: ot1lmr.fd 2009/10/30 v1.6 Font defs for Latin Modern
)
LaTeX Font Info:    Try loading font information for OML+lmm on input line 3.

(/usr/share/texmf-dist/tex/latex/lm/omllmm.fd
File: omllmm.fd 2009/10/30 v1.6 Font defs for Latin Modern
)
LaTeX Font Info:    Try loading font information for OMS+lmsy on input line 3.

(/usr/share/texmf-dist/tex/latex/lm/omslmsy.fd
File: omslmsy.fd 2009/10/30 v1.6 Font defs for Latin Modern
)
LaTeX Font Info:    Try loading font information for OMX+lmex on input line 3.

(/usr/share/texmf-dist/tex/latex/lm/omxlmex.fd
File: omxlmex.fd 2009/10/30 v1.6 Font defs for Latin Modern
)
LaTeX Font Info:    External font `lmex10' loaded for size
(Font)              <10.95> on input line 3.
LaTeX Font Info:    External font `lmex10' loaded for size
(Font)              <8> on input line 3.
LaTeX Font Info:    External font `lmex10' loaded for size
(Font)              <6> on input line 3.
)
\tf@toc=\write4
\openout4 = `Reporte2018.toc'.

Package babel Info: Redefining spanish shorthand <<
(babel)             in language  on input line 82.
Package babel Info: Redefining spanish shorthand >>
(babel)             in language  on input line 82.
Package babel Info: Redefining spanish shorthand "=
(babel)             in language  on input line 82.
Package babel Info: Redefining spanish shorthand "~
(babel)             in language  on input line 82.
Package babel Info: Redefining spanish shorthand "!
(babel)             in language  on input line 82.
Package babel Info: Redefining spanish shorthand "?
(babel)             in language  on input line 82.
Package babel Info: Redefining spanish shorthand <<
(babel)             in language  on input line 82.
Package babel Info: Redefining spanish shorthand >>
(babel)             in language  on input line 82.
Package babel Info: Redefining spanish shorthand "=
(babel)             in language  on input line 82.
Package babel Info: Redefining spanish shorthand "~
(babel)             in language  on input line 82.
Package babel Info: Redefining spanish shorthand "!
(babel)             in language  on input line 82.
Package babel Info: Redefining spanish shorthand "?
(babel)             in language  on input line 82.
 [1

{/var/lib/texmf/fonts/map/pdftex/updmap/pdftex.map} <./images/escudo-unam.png> 
<./images/escudo-fi.png>]
Package babel Info: Redefining spanish shorthand <<
(babel)             in language  on input line 85.
Package babel Info: Redefining spanish shorthand >>
(babel)             in language  on input line 85.
Package babel Info: Redefining spanish shorthand "=
(babel)             in language  on input line 85.
Package babel Info: Redefining spanish shorthand "~
(babel)             in language  on input line 85.
Package babel Info: Redefining spanish shorthand "!
(babel)             in language  on input line 85.
Package babel Info: Redefining spanish shorthand "?
(babel)             in language  on input line 85.
Package babel Info: Redefining spanish shorthand <<
(babel)             in language  on input line 86.
Package babel Info: Redefining spanish shorthand >>
(babel)             in language  on input line 86.
Package babel Info: Redefining spanish shorthand "=
(babel)             in language  on input line 86.
Package babel Info: Redefining spanish shorthand "~
(babel)             in language  on input line 86.
Package babel Info: Redefining spanish shorthand "!
(babel)             in language  on input line 86.
Package babel Info: Redefining spanish shorthand "?
(babel)             in language  on input line 86.
Package babel Info: Redefining spanish shorthand <<
(babel)             in language  on input line 87.
Package babel Info: Redefining spanish shorthand >>
(babel)             in language  on input line 87.
Package babel Info: Redefining spanish shorthand "=
(babel)             in language  on input line 87.
Package babel Info: Redefining spanish shorthand "~
(babel)             in language  on input line 87.
Package babel Info: Redefining spanish shorthand "!
(babel)             in language  on input line 87.
Package babel Info: Redefining spanish shorthand "?
(babel)             in language  on input line 87.

(/usr/share/texmf-dist/tex/latex/ucs/data/uni-32.def
File: uni-32.def 2013/05/13 UCS: Unicode data U+2000..U+20FF
)
Package babel Info: Redefining spanish shorthand <<
(babel)             in language  on input line 103.
Package babel Info: Redefining spanish shorthand >>
(babel)             in language  on input line 103.
Package babel Info: Redefining spanish shorthand "=
(babel)             in language  on input line 103.
Package babel Info: Redefining spanish shorthand "~
(babel)             in language  on input line 103.
Package babel Info: Redefining spanish shorthand "!
(babel)             in language  on input line 103.
Package babel Info: Redefining spanish shorthand "?
(babel)             in language  on input line 103.
<images/anaquel-blanco-01.jpg, id=84, 2601.72pt x 1345.025pt>
File: images/anaquel-blanco-01.jpg Graphic file (type jpg)
<use images/anaquel-blanco-01.jpg>
Package pdftex.def Info: images/anaquel-blanco-01.jpg  used on input line 125.
(pdftex.def)             Requested size: 283.39244pt x 146.49603pt.
<images/anaquel-blanco-02.jpg, id=85, 2601.72pt x 1951.29pt>
File: images/anaquel-blanco-02.jpg Graphic file (type jpg)
<use images/anaquel-blanco-02.jpg>
Package pdftex.def Info: images/anaquel-blanco-02.jpg  used on input line 126.
(pdftex.def)             Requested size: 94.46175pt x 70.83293pt.
<images/anaquel-blanco-03.jpg, id=86, 2601.72pt x 1951.29pt>
File: images/anaquel-blanco-03.jpg Graphic file (type jpg)
<use images/anaquel-blanco-03.jpg>
Package pdftex.def Info: images/anaquel-blanco-03.jpg  used on input line 127.
(pdftex.def)             Requested size: 94.46175pt x 70.83293pt.
<images/anaquel-blanco-04.jpg, id=87, 2601.72pt x 1951.29pt>
File: images/anaquel-blanco-04.jpg Graphic file (type jpg)
<use images/anaquel-blanco-04.jpg>
Package pdftex.def Info: images/anaquel-blanco-04.jpg  used on input line 128.
(pdftex.def)             Requested size: 94.46175pt x 70.83293pt.
Package babel Info: Redefining spanish shorthand <<
(babel)             in language  on input line 132.
Package babel Info: Redefining spanish shorthand >>
(babel)             in language  on input line 132.
Package babel Info: Redefining spanish shorthand "=
(babel)             in language  on input line 132.
Package babel Info: Redefining spanish shorthand "~
(babel)             in language  on input line 132.
Package babel Info: Redefining spanish shorthand "!
(babel)             in language  on input line 132.
Package babel Info: Redefining spanish shorthand "?
(babel)             in language  on input line 132.
Package babel Info: Redefining spanish shorthand <<
(babel)             in language  on input line 175.
Package babel Info: Redefining spanish shorthand >>
(babel)             in language  on input line 175.
Package babel Info: Redefining spanish shorthand "=
(babel)             in language  on input line 175.
Package babel Info: Redefining spanish shorthand "~
(babel)             in language  on input line 175.
Package babel Info: Redefining spanish shorthand "!
(babel)             in language  on input line 175.
Package babel Info: Redefining spanish shorthand "?
(babel)             in language  on input line 175.
Package babel Info: Redefining spanish shorthand <<
(babel)             in language  on input line 175.
Package babel Info: Redefining spanish shorthand >>
(babel)             in language  on input line 175.
Package babel Info: Redefining spanish shorthand "=
(babel)             in language  on input line 175.
Package babel Info: Redefining spanish shorthand "~
(babel)             in language  on input line 175.
Package babel Info: Redefining spanish shorthand "!
(babel)             in language  on input line 175.
Package babel Info: Redefining spanish shorthand "?
(babel)             in language  on input line 175.
 [1 <./images/anaquel-blanco-01.jpg> <./images/anaquel-blanco-02.jpg> <./images
/anaquel-blanco-03.jpg> <./images/anaquel-blanco-04.jpg>]
Package babel Info: Redefining spanish shorthand <<
(babel)             in language  on input line 175.
Package babel Info: Redefining spanish shorthand >>
(babel)             in language  on input line 175.
Package babel Info: Redefining spanish shorthand "=
(babel)             in language  on input line 175.
Package babel Info: Redefining spanish shorthand "~
(babel)             in language  on input line 175.
Package babel Info: Redefining spanish shorthand "!
(babel)             in language  on input line 175.
Package babel Info: Redefining spanish shorthand "?
(babel)             in language  on input line 175.
Package babel Info: Redefining spanish shorthand <<
(babel)             in language  on input line 200.
Package babel Info: Redefining spanish shorthand >>
(babel)             in language  on input line 200.
Package babel Info: Redefining spanish shorthand "=
(babel)             in language  on input line 200.
Package babel Info: Redefining spanish shorthand "~
(babel)             in language  on input line 200.
Package babel Info: Redefining spanish shorthand "!
(babel)             in language  on input line 200.
Package babel Info: Redefining spanish shorthand "?
(babel)             in language  on input line 200.
Package babel Info: Redefining spanish shorthand <<
(babel)             in language  on input line 200.
Package babel Info: Redefining spanish shorthand >>
(babel)             in language  on input line 200.
Package babel Info: Redefining spanish shorthand "=
(babel)             in language  on input line 200.
Package babel Info: Redefining spanish shorthand "~
(babel)             in language  on input line 200.
Package babel Info: Redefining spanish shorthand "!
(babel)             in language  on input line 200.
Package babel Info: Redefining spanish shorthand "?
(babel)             in language  on input line 200.
 [2]
Package babel Info: Redefining spanish shorthand <<
(babel)             in language  on input line 200.
Package babel Info: Redefining spanish shorthand >>
(babel)             in language  on input line 200.
Package babel Info: Redefining spanish shorthand "=
(babel)             in language  on input line 200.
Package babel Info: Redefining spanish shorthand "~
(babel)             in language  on input line 200.
Package babel Info: Redefining spanish shorthand "!
(babel)             in language  on input line 200.
Package babel Info: Redefining spanish shorthand "?
(babel)             in language  on input line 200.
Package babel Info: Redefining spanish shorthand <<
(babel)             in language  on input line 223.
Package babel Info: Redefining spanish shorthand >>
(babel)             in language  on input line 223.
Package babel Info: Redefining spanish shorthand "=
(babel)             in language  on input line 223.
Package babel Info: Redefining spanish shorthand "~
(babel)             in language  on input line 223.
Package babel Info: Redefining spanish shorthand "!
(babel)             in language  on input line 223.
Package babel Info: Redefining spanish shorthand "?
(babel)             in language  on input line 223.
Package babel Info: Redefining spanish shorthand <<
(babel)             in language  on input line 224.
Package babel Info: Redefining spanish shorthand >>
(babel)             in language  on input line 224.
Package babel Info: Redefining spanish shorthand "=
(babel)             in language  on input line 224.
Package babel Info: Redefining spanish shorthand "~
(babel)             in language  on input line 224.
Package babel Info: Redefining spanish shorthand "!
(babel)             in language  on input line 224.
Package babel Info: Redefining spanish shorthand "?
(babel)             in language  on input line 224.
Package babel Info: Redefining spanish shorthand <<
(babel)             in language  on input line 237.
Package babel Info: Redefining spanish shorthand >>
(babel)             in language  on input line 237.
Package babel Info: Redefining spanish shorthand "=
(babel)             in language  on input line 237.
Package babel Info: Redefining spanish shorthand "~
(babel)             in language  on input line 237.
Package babel Info: Redefining spanish shorthand "!
(babel)             in language  on input line 237.
Package babel Info: Redefining spanish shorthand "?
(babel)             in language  on input line 237.
Package babel Info: Redefining spanish shorthand <<
(babel)             in language  on input line 250.
Package babel Info: Redefining spanish shorthand >>
(babel)             in language  on input line 250.
Package babel Info: Redefining spanish shorthand "=
(babel)             in language  on input line 250.
Package babel Info: Redefining spanish shorthand "~
(babel)             in language  on input line 250.
Package babel Info: Redefining spanish shorthand "!
(babel)             in language  on input line 250.
Package babel Info: Redefining spanish shorthand "?
(babel)             in language  on input line 250.
Package babel Info: Redefining spanish shorthand <<
(babel)             in language  on input line 250.
Package babel Info: Redefining spanish shorthand >>
(babel)             in language  on input line 250.
Package babel Info: Redefining spanish shorthand "=
(babel)             in language  on input line 250.
Package babel Info: Redefining spanish shorthand "~
(babel)             in language  on input line 250.
Package babel Info: Redefining spanish shorthand "!
(babel)             in language  on input line 250.
Package babel Info: Redefining spanish shorthand "?
(babel)             in language  on input line 250.
 [3]
Package babel Info: Redefining spanish shorthand <<
(babel)             in language  on input line 250.
Package babel Info: Redefining spanish shorthand >>
(babel)             in language  on input line 250.
Package babel Info: Redefining spanish shorthand "=
(babel)             in language  on input line 250.
Package babel Info: Redefining spanish shorthand "~
(babel)             in language  on input line 250.
Package babel Info: Redefining spanish shorthand "!
(babel)             in language  on input line 250.
Package babel Info: Redefining spanish shorthand "?
(babel)             in language  on input line 250.
Package babel Info: Redefining spanish shorthand <<
(babel)             in language  on input line 284.
Package babel Info: Redefining spanish shorthand >>
(babel)             in language  on input line 284.
Package babel Info: Redefining spanish shorthand "=
(babel)             in language  on input line 284.
Package babel Info: Redefining spanish shorthand "~
(babel)             in language  on input line 284.
Package babel Info: Redefining spanish shorthand "!
(babel)             in language  on input line 284.
Package babel Info: Redefining spanish shorthand "?
(babel)             in language  on input line 284.
Package babel Info: Redefining spanish shorthand <<
(babel)             in language  on input line 284.
Package babel Info: Redefining spanish shorthand >>
(babel)             in language  on input line 284.
Package babel Info: Redefining spanish shorthand "=
(babel)             in language  on input line 284.
Package babel Info: Redefining spanish shorthand "~
(babel)             in language  on input line 284.
Package babel Info: Redefining spanish shorthand "!
(babel)             in language  on input line 284.
Package babel Info: Redefining spanish shorthand "?
(babel)             in language  on input line 284.
 [4]
Package babel Info: Redefining spanish shorthand <<
(babel)             in language  on input line 306.
Package babel Info: Redefining spanish shorthand >>
(babel)             in language  on input line 306.
Package babel Info: Redefining spanish shorthand "=
(babel)             in language  on input line 306.
Package babel Info: Redefining spanish shorthand "~
(babel)             in language  on input line 306.
Package babel Info: Redefining spanish shorthand "!
(babel)             in language  on input line 306.
Package babel Info: Redefining spanish shorthand "?
(babel)             in language  on input line 306.
Package babel Info: Redefining spanish shorthand <<
(babel)             in language  on input line 311.
Package babel Info: Redefining spanish shorthand >>
(babel)             in language  on input line 311.
Package babel Info: Redefining spanish shorthand "=
(babel)             in language  on input line 311.
Package babel Info: Redefining spanish shorthand "~
(babel)             in language  on input line 311.
Package babel Info: Redefining spanish shorthand "!
(babel)             in language  on input line 311.
Package babel Info: Redefining spanish shorthand "?
(babel)             in language  on input line 311.
Package atveryend Info: Empty hook `BeforeClearDocument' on input line 322.
Package babel Info: Redefining spanish shorthand <<
(babel)             in language  on input line 322.
Package babel Info: Redefining spanish shorthand >>
(babel)             in language  on input line 322.
Package babel Info: Redefining spanish shorthand "=
(babel)             in language  on input line 322.
Package babel Info: Redefining spanish shorthand "~
(babel)             in language  on input line 322.
Package babel Info: Redefining spanish shorthand "!
(babel)             in language  on input line 322.
Package babel Info: Redefining spanish shorthand "?
(babel)             in language  on input line 322.
Package babel Info: Redefining spanish shorthand <<
(babel)             in language  on input line 322.
Package babel Info: Redefining spanish shorthand >>
(babel)             in language  on input line 322.
Package babel Info: Redefining spanish shorthand "=
(babel)             in language  on input line 322.
Package babel Info: Redefining spanish shorthand "~
(babel)             in language  on input line 322.
Package babel Info: Redefining spanish shorthand "!
(babel)             in language  on input line 322.
Package babel Info: Redefining spanish shorthand "?
(babel)             in language  on input line 322.
 [5]
Package atveryend Info: Empty hook `AfterLastShipout' on input line 322.
 (./Reporte2018.aux
LaTeX Info: Redefining \. on input line 23.
LaTeX Info: Redefining \% on input line 23.
)
Package atveryend Info: Executing hook `AtVeryEndDocument' on input line 322.
Package atveryend Info: Executing hook `AtEndAfterFileList' on input line 322.
Package rerunfilecheck Info: File `Reporte2018.out' has not changed.
(rerunfilecheck)             Checksum: AA35147DAE2179F936AB1BF44F408956;824.
Package atveryend Info: Empty hook `AtVeryVeryEnd' on input line 322.
 ) 
Here is how much of TeX's memory you used:
 8492 strings out of 492982
 119548 string characters out of 6138580
 226830 words of memory out of 5000000
 11903 multiletter control sequences out of 15000+600000
 37980 words of font info for 33 fonts, out of 8000000 for 9000
 1141 hyphenation exceptions out of 8191
 28i,13n,37p,827b,568s stack positions out of 5000i,500n,10000p,200000b,80000s
{/usr/share/texmf-dist/fonts/enc/dvips/lm/lm-ec.enc}</usr/share/texmf-dist/fo
nts/type1/public/lm/lmbx10.pfb></usr/share/texmf-dist/fonts/type1/public/lm/lmb
x12.pfb></usr/share/texmf-dist/fonts/type1/public/lm/lmbxi10.pfb></usr/share/te
xmf-dist/fonts/type1/public/lm/lmr10.pfb></usr/share/texmf-dist/fonts/type1/pub
lic/lm/lmr12.pfb>
Output written on Reporte2018.pdf (6 pages, 6081397 bytes).
PDF statistics:
 156 PDF objects out of 1000 (max. 8388607)
 133 compressed objects within 2 object streams
 22 named destinations out of 1000 (max. 500000)
 135 words of extra memory for PDF output out of 10000 (max. 10000000)

