This is pdfTeX, Version 3.14159265-2.6-1.40.16 (TeX Live 2015/Debian) (preloaded format=pdflatex 2018.2.11)  1 MAY 2018 04:30
entering extended mode
 restricted \write18 enabled.
 %&-line parsing enabled.
**feria-agrupaciones-2018-2.tex
(./feria-agrupaciones-2018-2.tex
LaTeX2e <2016/02/01>
Babel <3.9q> and hyphenation patterns for 81 language(s) loaded.
(/usr/share/texlive/texmf-dist/tex/latex/base/article.cls
Document Class: article 2014/09/29 v1.4h Standard LaTeX document class
(/usr/share/texlive/texmf-dist/tex/latex/base/size11.clo
File: size11.clo 2014/09/29 v1.4h Standard LaTeX file (size option)
)
\c@part=\count79
\c@section=\count80
\c@subsection=\count81
\c@subsubsection=\count82
\c@paragraph=\count83
\c@subparagraph=\count84
\c@figure=\count85
\c@table=\count86
\abovecaptionskip=\skip41
\belowcaptionskip=\skip42
\bibindent=\dimen102
)
(/usr/share/texlive/texmf-dist/tex/latex/geometry/geometry.sty
Package: geometry 2010/09/12 v5.6 Page Geometry

(/usr/share/texlive/texmf-dist/tex/latex/graphics/keyval.sty
Package: keyval 2014/10/28 v1.15 key=value parser (DPC)
\KV@toks@=\toks14
)
(/usr/share/texlive/texmf-dist/tex/generic/oberdiek/ifpdf.sty
Package: ifpdf 2011/01/30 v2.3 Provides the ifpdf switch (HO)
Package ifpdf Info: pdfTeX in PDF mode is detected.
)
(/usr/share/texlive/texmf-dist/tex/generic/oberdiek/ifvtex.sty
Package: ifvtex 2010/03/01 v1.5 Detect VTeX and its facilities (HO)
Package ifvtex Info: VTeX not detected.
)
(/usr/share/texlive/texmf-dist/tex/generic/ifxetex/ifxetex.sty
Package: ifxetex 2010/09/12 v0.6 Provides ifxetex conditional
)
\Gm@cnth=\count87
\Gm@cntv=\count88
\c@Gm@tempcnt=\count89
\Gm@bindingoffset=\dimen103
\Gm@wd@mp=\dimen104
\Gm@odd@mp=\dimen105
\Gm@even@mp=\dimen106
\Gm@layoutwidth=\dimen107
\Gm@layoutheight=\dimen108
\Gm@layouthoffset=\dimen109
\Gm@layoutvoffset=\dimen110
\Gm@dimlist=\toks15
)
(/usr/share/texlive/texmf-dist/tex/latex/base/fontenc.sty
Package: fontenc 2005/09/27 v1.99g Standard LaTeX package

(/usr/share/texlive/texmf-dist/tex/latex/base/t1enc.def
File: t1enc.def 2005/09/27 v1.99g Standard LaTeX file
LaTeX Font Info:    Redeclaring font encoding T1 on input line 48.
))
(/usr/share/texlive/texmf-dist/tex/latex/base/inputenc.sty
Package: inputenc 2015/03/17 v1.2c Input encoding file
\inpenc@prehook=\toks16
\inpenc@posthook=\toks17

(/usr/share/texlive/texmf-dist/tex/latex/ucs/utf8x.def
File: utf8x.def 2004/10/17 UCS: Input encoding UTF-8
))
(/usr/share/texlive/texmf-dist/tex/latex/ucs/ucs.sty
Package: ucs 2013/05/11 v2.2 UCS: Unicode input support

(/usr/share/texlive/texmf-dist/tex/latex/ucs/data/uni-global.def
File: uni-global.def 2013/05/13 UCS: Unicode global data
)
\uc@secondtry=\count90
\uc@combtoks=\toks18
\uc@combtoksb=\toks19
\uc@temptokena=\toks20
)
(/usr/share/texmf/tex/latex/lm/lmodern.sty
Package: lmodern 2009/10/30 v1.6 Latin Modern Fonts
LaTeX Font Info:    Overwriting symbol font `operators' in version `normal'
(Font)                  OT1/cmr/m/n --> OT1/lmr/m/n on input line 22.
LaTeX Font Info:    Overwriting symbol font `letters' in version `normal'
(Font)                  OML/cmm/m/it --> OML/lmm/m/it on input line 23.
LaTeX Font Info:    Overwriting symbol font `symbols' in version `normal'
(Font)                  OMS/cmsy/m/n --> OMS/lmsy/m/n on input line 24.
LaTeX Font Info:    Overwriting symbol font `largesymbols' in version `normal'
(Font)                  OMX/cmex/m/n --> OMX/lmex/m/n on input line 25.
LaTeX Font Info:    Overwriting symbol font `operators' in version `bold'
(Font)                  OT1/cmr/bx/n --> OT1/lmr/bx/n on input line 26.
LaTeX Font Info:    Overwriting symbol font `letters' in version `bold'
(Font)                  OML/cmm/b/it --> OML/lmm/b/it on input line 27.
LaTeX Font Info:    Overwriting symbol font `symbols' in version `bold'
(Font)                  OMS/cmsy/b/n --> OMS/lmsy/b/n on input line 28.
LaTeX Font Info:    Overwriting symbol font `largesymbols' in version `bold'
(Font)                  OMX/cmex/m/n --> OMX/lmex/m/n on input line 29.
LaTeX Font Info:    Overwriting math alphabet `\mathbf' in version `normal'
(Font)                  OT1/cmr/bx/n --> OT1/lmr/bx/n on input line 31.
LaTeX Font Info:    Overwriting math alphabet `\mathsf' in version `normal'
(Font)                  OT1/cmss/m/n --> OT1/lmss/m/n on input line 32.
LaTeX Font Info:    Overwriting math alphabet `\mathit' in version `normal'
(Font)                  OT1/cmr/m/it --> OT1/lmr/m/it on input line 33.
LaTeX Font Info:    Overwriting math alphabet `\mathtt' in version `normal'
(Font)                  OT1/cmtt/m/n --> OT1/lmtt/m/n on input line 34.
LaTeX Font Info:    Overwriting math alphabet `\mathbf' in version `bold'
(Font)                  OT1/cmr/bx/n --> OT1/lmr/bx/n on input line 35.
LaTeX Font Info:    Overwriting math alphabet `\mathsf' in version `bold'
(Font)                  OT1/cmss/bx/n --> OT1/lmss/bx/n on input line 36.
LaTeX Font Info:    Overwriting math alphabet `\mathit' in version `bold'
(Font)                  OT1/cmr/bx/it --> OT1/lmr/bx/it on input line 37.
LaTeX Font Info:    Overwriting math alphabet `\mathtt' in version `bold'
(Font)                  OT1/cmtt/m/n --> OT1/lmtt/m/n on input line 38.
)
(/usr/share/texlive/texmf-dist/tex/generic/babel/babel.sty
Package: babel 2016/02/24 3.9q The Babel package

(/usr/share/texlive/texmf-dist/tex/generic/babel-spanish/spanish.ldf
Language: spanish.ldf 2016/01/15 v5.0o Spanish support from the babel system

(/usr/share/texlive/texmf-dist/tex/generic/babel/babel.def
File: babel.def 2016/02/24 3.9q Babel common definitions
\babel@savecnt=\count91
\U@D=\dimen111
)
\es@quottoks=\toks21
\es@quotdepth=\count92
Package babel Info: Making " an active character on input line 533.
Package babel Info: Making . an active character on input line 634.
Package babel Info: Making < an active character on input line 679.
Package babel Info: Making > an active character on input line 679.
))
(/usr/share/texlive/texmf-dist/tex/latex/amsmath/amsmath.sty
Package: amsmath 2016/03/03 v2.15a AMS math features
\@mathmargin=\skip43

For additional information on amsmath, use the `?' option.
(/usr/share/texlive/texmf-dist/tex/latex/amsmath/amstext.sty
Package: amstext 2000/06/29 v2.01 AMS text

(/usr/share/texlive/texmf-dist/tex/latex/amsmath/amsgen.sty
File: amsgen.sty 1999/11/30 v2.0 generic functions
\@emptytoks=\toks22
\ex@=\dimen112
))
(/usr/share/texlive/texmf-dist/tex/latex/amsmath/amsbsy.sty
Package: amsbsy 1999/11/29 v1.2d Bold Symbols
\pmbraise@=\dimen113
)
(/usr/share/texlive/texmf-dist/tex/latex/amsmath/amsopn.sty
Package: amsopn 1999/12/14 v2.01 operator names
)
\inf@bad=\count93
LaTeX Info: Redefining \frac on input line 199.
\uproot@=\count94
\leftroot@=\count95
LaTeX Info: Redefining \overline on input line 297.
\classnum@=\count96
\DOTSCASE@=\count97
LaTeX Info: Redefining \ldots on input line 394.
LaTeX Info: Redefining \dots on input line 397.
LaTeX Info: Redefining \cdots on input line 518.
\Mathstrutbox@=\box26
\strutbox@=\box27
\big@size=\dimen114
LaTeX Font Info:    Redeclaring font encoding OML on input line 630.
LaTeX Font Info:    Redeclaring font encoding OMS on input line 631.
\macc@depth=\count98
\c@MaxMatrixCols=\count99
\dotsspace@=\muskip10
\c@parentequation=\count100
\dspbrk@lvl=\count101
\tag@help=\toks23
\row@=\count102
\column@=\count103
\maxfields@=\count104
\andhelp@=\toks24
\eqnshift@=\dimen115
\alignsep@=\dimen116
\tagshift@=\dimen117
\tagwidth@=\dimen118
\totwidth@=\dimen119
\lineht@=\dimen120
\@envbody=\toks25
\multlinegap=\skip44
\multlinetaggap=\skip45
\mathdisplay@stack=\toks26
LaTeX Info: Redefining \[ on input line 2735.
LaTeX Info: Redefining \] on input line 2736.
)
(/usr/share/texlive/texmf-dist/tex/latex/graphics/graphicx.sty
Package: graphicx 2014/10/28 v1.0g Enhanced LaTeX Graphics (DPC,SPQR)

(/usr/share/texlive/texmf-dist/tex/latex/graphics/graphics.sty
Package: graphics 2016/01/03 v1.0q Standard LaTeX Graphics (DPC,SPQR)

(/usr/share/texlive/texmf-dist/tex/latex/graphics/trig.sty
Package: trig 2016/01/03 v1.10 sin cos tan (DPC)
)
(/usr/share/texlive/texmf-dist/tex/latex/latexconfig/graphics.cfg
File: graphics.cfg 2010/04/23 v1.9 graphics configuration of TeX Live
)
Package graphics Info: Driver file: pdftex.def on input line 95.

(/usr/share/texlive/texmf-dist/tex/latex/pdftex-def/pdftex.def
File: pdftex.def 2011/05/27 v0.06d Graphics/color for pdfTeX

(/usr/share/texlive/texmf-dist/tex/generic/oberdiek/infwarerr.sty
Package: infwarerr 2010/04/08 v1.3 Providing info/warning/error messages (HO)
)
(/usr/share/texlive/texmf-dist/tex/generic/oberdiek/ltxcmds.sty
Package: ltxcmds 2011/11/09 v1.22 LaTeX kernel commands for general use (HO)
)
\Gread@gobject=\count105
))
\Gin@req@height=\dimen121
\Gin@req@width=\dimen122
)
(/usr/share/texlive/texmf-dist/tex/latex/float/float.sty
Package: float 2001/11/08 v1.3d Float enhancements (AL)
\c@float@type=\count106
\float@exts=\toks27
\float@box=\box28
\@float@everytoks=\toks28
\@floatcapt=\box29
)
(/usr/share/texlive/texmf-dist/tex/latex/booktabs/booktabs.sty
Package: booktabs 2005/04/14 v1.61803 publication quality tables
\heavyrulewidth=\dimen123
\lightrulewidth=\dimen124
\cmidrulewidth=\dimen125
\belowrulesep=\dimen126
\belowbottomsep=\dimen127
\aboverulesep=\dimen128
\abovetopsep=\dimen129
\cmidrulesep=\dimen130
\cmidrulekern=\dimen131
\defaultaddspace=\dimen132
\@cmidla=\count107
\@cmidlb=\count108
\@aboverulesep=\dimen133
\@belowrulesep=\dimen134
\@thisruleclass=\count109
\@lastruleclass=\count110
\@thisrulewidth=\dimen135
)
(/usr/share/texlive/texmf-dist/tex/latex/hyperref/hyperref.sty
Package: hyperref 2012/11/06 v6.83m Hypertext links for LaTeX

(/usr/share/texlive/texmf-dist/tex/generic/oberdiek/hobsub-hyperref.sty
Package: hobsub-hyperref 2012/05/28 v1.13 Bundle oberdiek, subset hyperref (HO)


(/usr/share/texlive/texmf-dist/tex/generic/oberdiek/hobsub-generic.sty
Package: hobsub-generic 2012/05/28 v1.13 Bundle oberdiek, subset generic (HO)
Package: hobsub 2012/05/28 v1.13 Construct package bundles (HO)
Package hobsub Info: Skipping package `infwarerr' (already loaded).
Package hobsub Info: Skipping package `ltxcmds' (already loaded).
Package: ifluatex 2010/03/01 v1.3 Provides the ifluatex switch (HO)
Package ifluatex Info: LuaTeX not detected.
Package hobsub Info: Skipping package `ifvtex' (already loaded).
Package: intcalc 2007/09/27 v1.1 Expandable calculations with integers (HO)
Package hobsub Info: Skipping package `ifpdf' (already loaded).
Package: etexcmds 2011/02/16 v1.5 Avoid name clashes with e-TeX commands (HO)
Package etexcmds Info: Could not find \expanded.
(etexcmds)             That can mean that you are not using pdfTeX 1.50 or
(etexcmds)             that some package has redefined \expanded.
(etexcmds)             In the latter case, load this package earlier.
Package: kvsetkeys 2012/04/25 v1.16 Key value parser (HO)
Package: kvdefinekeys 2011/04/07 v1.3 Define keys (HO)
Package: pdftexcmds 2011/11/29 v0.20 Utility functions of pdfTeX for LuaTeX (HO
)
Package pdftexcmds Info: LuaTeX not detected.
Package pdftexcmds Info: \pdf@primitive is available.
Package pdftexcmds Info: \pdf@ifprimitive is available.
Package pdftexcmds Info: \pdfdraftmode found.
Package: pdfescape 2011/11/25 v1.13 Implements pdfTeX's escape features (HO)
Package: bigintcalc 2012/04/08 v1.3 Expandable calculations on big integers (HO
)
Package: bitset 2011/01/30 v1.1 Handle bit-vector datatype (HO)
Package: uniquecounter 2011/01/30 v1.2 Provide unlimited unique counter (HO)
)
Package hobsub Info: Skipping package `hobsub' (already loaded).
Package: letltxmacro 2010/09/02 v1.4 Let assignment for LaTeX macros (HO)
Package: hopatch 2012/05/28 v1.2 Wrapper for package hooks (HO)
Package: xcolor-patch 2011/01/30 xcolor patch
Package: atveryend 2011/06/30 v1.8 Hooks at the very end of document (HO)
Package atveryend Info: \enddocument detected (standard20110627).
Package: atbegshi 2011/10/05 v1.16 At begin shipout hook (HO)
Package: refcount 2011/10/16 v3.4 Data extraction from label references (HO)
Package: hycolor 2011/01/30 v1.7 Color options for hyperref/bookmark (HO)
)
(/usr/share/texlive/texmf-dist/tex/latex/oberdiek/auxhook.sty
Package: auxhook 2011/03/04 v1.3 Hooks for auxiliary files (HO)
)
(/usr/share/texlive/texmf-dist/tex/latex/oberdiek/kvoptions.sty
Package: kvoptions 2011/06/30 v3.11 Key value format for package options (HO)
)
\@linkdim=\dimen136
\Hy@linkcounter=\count111
\Hy@pagecounter=\count112

(/usr/share/texlive/texmf-dist/tex/latex/hyperref/pd1enc.def
File: pd1enc.def 2012/11/06 v6.83m Hyperref: PDFDocEncoding definition (HO)
)
\Hy@SavedSpaceFactor=\count113

(/usr/share/texlive/texmf-dist/tex/latex/latexconfig/hyperref.cfg
File: hyperref.cfg 2002/06/06 v1.2 hyperref configuration of TeXLive
)
Package hyperref Info: Hyper figures OFF on input line 4443.
Package hyperref Info: Link nesting OFF on input line 4448.
Package hyperref Info: Hyper index ON on input line 4451.
Package hyperref Info: Plain pages OFF on input line 4458.
Package hyperref Info: Backreferencing OFF on input line 4463.
Package hyperref Info: Implicit mode ON; LaTeX internals redefined.
Package hyperref Info: Bookmarks ON on input line 4688.
\c@Hy@tempcnt=\count114

(/usr/share/texlive/texmf-dist/tex/latex/url/url.sty
\Urlmuskip=\muskip11
Package: url 2013/09/16  ver 3.4  Verb mode for urls, etc.
)
LaTeX Info: Redefining \url on input line 5041.
\XeTeXLinkMargin=\dimen137
\Fld@menulength=\count115
\Field@Width=\dimen138
\Fld@charsize=\dimen139
Package hyperref Info: Hyper figures OFF on input line 6295.
Package hyperref Info: Link nesting OFF on input line 6300.
Package hyperref Info: Hyper index ON on input line 6303.
Package hyperref Info: backreferencing OFF on input line 6310.
Package hyperref Info: Link coloring OFF on input line 6315.
Package hyperref Info: Link coloring with OCG OFF on input line 6320.
Package hyperref Info: PDF/A mode OFF on input line 6325.
LaTeX Info: Redefining \ref on input line 6365.
LaTeX Info: Redefining \pageref on input line 6369.
\Hy@abspage=\count116
\c@Item=\count117
\c@Hfootnote=\count118
)

Package hyperref Message: Driver (autodetected): hpdftex.

(/usr/share/texlive/texmf-dist/tex/latex/hyperref/hpdftex.def
File: hpdftex.def 2012/11/06 v6.83m Hyperref driver for pdfTeX
\Fld@listcount=\count119
\c@bookmark@seq@number=\count120

(/usr/share/texlive/texmf-dist/tex/latex/oberdiek/rerunfilecheck.sty
Package: rerunfilecheck 2011/04/15 v1.7 Rerun checks for auxiliary files (HO)
Package uniquecounter Info: New unique counter `rerunfilecheck' on input line 2
82.
)
\Hy@SectionHShift=\skip46
)
(/usr/share/texlive/texmf-dist/tex/latex/graphics/lscape.sty
Package: lscape 2000/10/22 v3.01 Landscape Pages (DPC)
) (./timetable.sty
Package: timetable 

(/usr/share/texlive/texmf-dist/tex/latex/base/ifthen.sty
Package: ifthen 2014/09/29 v1.1c Standard LaTeX ifthen package (DPC)
)
(/usr/share/texlive/texmf-dist/tex/latex/tools/calc.sty
Package: calc 2014/10/28 v4.3 Infix arithmetic (KKT,FJ)
\calc@Acount=\count121
\calc@Bcount=\count122
\calc@Adimen=\dimen140
\calc@Bdimen=\dimen141
\calc@Askip=\skip47
\calc@Bskip=\skip48
LaTeX Info: Redefining \setlength on input line 80.
LaTeX Info: Redefining \addtolength on input line 81.
\calc@Ccount=\count123
\calc@Cskip=\skip49
)
(/usr/share/texlive/texmf-dist/tex/latex/graphics/color.sty
Package: color 2016/01/03 v1.1b Standard LaTeX Color (DPC)

(/usr/share/texlive/texmf-dist/tex/latex/latexconfig/color.cfg
File: color.cfg 2007/01/18 v1.5 color configuration of teTeX/TeXLive
)
Package color Info: Driver file: pdftex.def on input line 143.
)
\@rowheight=\skip50
\@colwidth=\skip51
\c@@rowcount=\count124
\c@@colcount=\count125
\@textframe=\skip52
\@bottomspace=\skip53
\@totalheight=\skip54
\@totalwidth=\skip55
\@toprowheight=\skip56
\c@@timemarks=\count126
\c@@daymarks=\count127
\c@@topheight=\count128
\c@@printtimestamps=\count129
\@cornerradius=\skip57
\c@@frametype=\count130
\c@@framevalign=\count131
\@startposx=\skip58
\@startposy=\skip59
\@eventheight=\skip60
\@newcolwidth=\skip61
\@newrowheight=\skip62
\@newcolleft=\skip63
\@newrowtop=\skip64
\c@@hourslot=\count132
\c@@durationslots=\count133
\c@@minutesperslot=\count134
\c@@timetablehelp=\count135
\c@@day=\count136
\c@@column=\count137
\c@@row=\count138
\c@@hour=\count139
\c@@minute=\count140
\c@@minuteStep=\count141
\c@@startHour=\count142
\c@@startMinute=\count143
\c@@endHour=\count144
\c@@endMinute=\count145
\c@@hoursset=\count146
\c@@hourzero=\count147
)
(/usr/share/texlive/texmf-dist/tex/latex/tools/tabularx.sty
Package: tabularx 2014/10/28 v2.10 `tabularx' package (DPC)

(/usr/share/texlive/texmf-dist/tex/latex/tools/array.sty
Package: array 2014/10/28 v2.4c Tabular extension package (FMi)
\col@sep=\dimen142
\extrarowheight=\dimen143
\NC@list=\toks29
\extratabsurround=\skip65
\backup@length=\skip66
)
\TX@col@width=\dimen144
\TX@old@table=\dimen145
\TX@old@col=\dimen146
\TX@target=\dimen147
\TX@delta=\dimen148
\TX@cols=\count148
\TX@ftn=\toks30
)
(./feria-agrupaciones-2018-2.aux
LaTeX Info: Redefining \. on input line 23.
LaTeX Info: Redefining \% on input line 23.
)
\openout1 = `feria-agrupaciones-2018-2.aux'.

LaTeX Font Info:    Checking defaults for OML/cmm/m/it on input line 60.
LaTeX Font Info:    ... okay on input line 60.
LaTeX Font Info:    Checking defaults for T1/cmr/m/n on input line 60.
LaTeX Font Info:    ... okay on input line 60.
LaTeX Font Info:    Checking defaults for OT1/cmr/m/n on input line 60.
LaTeX Font Info:    ... okay on input line 60.
LaTeX Font Info:    Checking defaults for OMS/cmsy/m/n on input line 60.
LaTeX Font Info:    ... okay on input line 60.
LaTeX Font Info:    Checking defaults for OMX/cmex/m/n on input line 60.
LaTeX Font Info:    ... okay on input line 60.
LaTeX Font Info:    Checking defaults for U/cmr/m/n on input line 60.
LaTeX Font Info:    ... okay on input line 60.
LaTeX Font Info:    Checking defaults for PD1/pdf/m/n on input line 60.
LaTeX Font Info:    ... okay on input line 60.
LaTeX Font Info:    Try loading font information for T1+lmr on input line 60.
 (/usr/share/texmf/tex/latex/lm/t1lmr.fd
File: t1lmr.fd 2009/10/30 v1.6 Font defs for Latin Modern
)
*geometry* driver: auto-detecting
*geometry* detected driver: pdftex
*geometry* verbose mode - [ preamble ] result:
* driver: pdftex
* paper: a4paper
* layout: <same size as paper>
* layoutoffset:(h,v)=(0.0pt,0.0pt)
* modes: 
* h-part:(L,W,R)=(62.59596pt, 472.31595pt, 62.59596pt)
* v-part:(T,H,B)=(56.9055pt, 731.23584pt, 56.9055pt)
* \paperwidth=597.50787pt
* \paperheight=845.04684pt
* \textwidth=472.31595pt
* \textheight=731.23584pt
* \oddsidemargin=-9.67403pt
* \evensidemargin=-9.67403pt
* \topmargin=-52.36449pt
* \headheight=12.0pt
* \headsep=25.0pt
* \topskip=11.0pt
* \footskip=30.0pt
* \marginparwidth=50.0pt
* \marginparsep=10.0pt
* \columnsep=10.0pt
* \skip\footins=10.0pt plus 4.0pt minus 2.0pt
* \hoffset=0.0pt
* \voffset=0.0pt
* \mag=1000
* \@twocolumnfalse
* \@twosidefalse
* \@mparswitchfalse
* \@reversemarginfalse
* (1in=72.27pt=25.4mm, 1cm=28.453pt)

(/usr/share/texlive/texmf-dist/tex/latex/ucs/ucsencs.def
File: ucsencs.def 2011/01/21 Fixes to fontencodings LGR, T3
)
LaTeX Info: Redefining \. on input line 60.
LaTeX Info: Redefining \% on input line 60.

(/usr/share/texlive/texmf-dist/tex/context/base/supp-pdf.mkii
[Loading MPS to PDF converter (version 2006.09.02).]
\scratchcounter=\count149
\scratchdimen=\dimen149
\scratchbox=\box30
\nofMPsegments=\count150
\nofMParguments=\count151
\everyMPshowfont=\toks31
\MPscratchCnt=\count152
\MPscratchDim=\dimen150
\MPnumerator=\count153
\makeMPintoPDFobject=\count154
\everyMPtoPDFconversion=\toks32
) (/usr/share/texlive/texmf-dist/tex/latex/oberdiek/epstopdf-base.sty
Package: epstopdf-base 2010/02/09 v2.5 Base part for package epstopdf

(/usr/share/texlive/texmf-dist/tex/latex/oberdiek/grfext.sty
Package: grfext 2010/08/19 v1.1 Manage graphics extensions (HO)
)
Package grfext Info: Graphics extension search list:
(grfext)             [.png,.pdf,.jpg,.mps,.jpeg,.jbig2,.jb2,.PNG,.PDF,.JPG,.JPE
G,.JBIG2,.JB2,.eps]
(grfext)             \AppendGraphicsExtensions on input line 452.

(/usr/share/texlive/texmf-dist/tex/latex/latexconfig/epstopdf-sys.cfg
File: epstopdf-sys.cfg 2010/07/13 v1.3 Configuration of (r)epstopdf for TeX Liv
e
))
\AtBeginShipoutBox=\box31
Package hyperref Info: Link coloring OFF on input line 60.

(/usr/share/texlive/texmf-dist/tex/latex/hyperref/nameref.sty
Package: nameref 2012/10/27 v2.43 Cross-referencing by name of section

(/usr/share/texlive/texmf-dist/tex/generic/oberdiek/gettitlestring.sty
Package: gettitlestring 2010/12/03 v1.4 Cleanup title references (HO)
)
\c@section@level=\count155
)
LaTeX Info: Redefining \ref on input line 60.
LaTeX Info: Redefining \pageref on input line 60.
LaTeX Info: Redefining \nameref on input line 60.

(./feria-agrupaciones-2018-2.out) (./feria-agrupaciones-2018-2.out)
\@outlinefile=\write3
\openout3 = `feria-agrupaciones-2018-2.out'.


<images/escudo-unam.png, id=164, 300.83122pt x 338.14134pt>
File: images/escudo-unam.png Graphic file (type png)

<use images/escudo-unam.png>
Package pdftex.def Info: images/escudo-unam.png used on input line 64.
(pdftex.def)             Requested size: 87.59998pt x 98.46092pt.

(/usr/share/texlive/texmf-dist/tex/latex/ucs/data/uni-0.def
File: uni-0.def 2013/05/13 UCS: Unicode data U+0000..U+00FF
)
<images/escudo-fi.png, id=166, 246.6816pt x 296.307pt>
File: images/escudo-fi.png Graphic file (type png)

<use images/escudo-fi.png>
Package pdftex.def Info: images/escudo-fi.png used on input line 64.
(pdftex.def)             Requested size: 87.59998pt x 105.2191pt.
 (./feria-agrupaciones-2018-2.toc
LaTeX Info: Redefining \. on input line 1.
LaTeX Info: Redefining \% on input line 1.
LaTeX Font Info:    Try loading font information for OT1+lmr on input line 3.

(/usr/share/texmf/tex/latex/lm/ot1lmr.fd
File: ot1lmr.fd 2009/10/30 v1.6 Font defs for Latin Modern
)
LaTeX Font Info:    Try loading font information for OML+lmm on input line 3.

(/usr/share/texmf/tex/latex/lm/omllmm.fd
File: omllmm.fd 2009/10/30 v1.6 Font defs for Latin Modern
)
LaTeX Font Info:    Try loading font information for OMS+lmsy on input line 3.

(/usr/share/texmf/tex/latex/lm/omslmsy.fd
File: omslmsy.fd 2009/10/30 v1.6 Font defs for Latin Modern
)
LaTeX Font Info:    Try loading font information for OMX+lmex on input line 3.

(/usr/share/texmf/tex/latex/lm/omxlmex.fd
File: omxlmex.fd 2009/10/30 v1.6 Font defs for Latin Modern
)
LaTeX Font Info:    External font `lmex10' loaded for size
(Font)              <10.95> on input line 3.
LaTeX Font Info:    External font `lmex10' loaded for size
(Font)              <8> on input line 3.
LaTeX Font Info:    External font `lmex10' loaded for size
(Font)              <6> on input line 3.
Package babel Info: Redefining spanish shorthand <<
(babel)             in language  on input line 47.
Package babel Info: Redefining spanish shorthand >>
(babel)             in language  on input line 47.
Package babel Info: Redefining spanish shorthand "=
(babel)             in language  on input line 47.
Package babel Info: Redefining spanish shorthand "~
(babel)             in language  on input line 47.
Package babel Info: Redefining spanish shorthand "!
(babel)             in language  on input line 47.
Package babel Info: Redefining spanish shorthand "?
(babel)             in language  on input line 47.
Package babel Info: Redefining spanish shorthand <<
(babel)             in language  on input line 47.
Package babel Info: Redefining spanish shorthand >>
(babel)             in language  on input line 47.
Package babel Info: Redefining spanish shorthand "=
(babel)             in language  on input line 47.
Package babel Info: Redefining spanish shorthand "~
(babel)             in language  on input line 47.
Package babel Info: Redefining spanish shorthand "!
(babel)             in language  on input line 47.
Package babel Info: Redefining spanish shorthand "?
(babel)             in language  on input line 47.
 [1

{/var/lib/texmf/fonts/map/pdftex/updmap/pdftex.map} <./images/escudo-unam.png> 
<./images/escudo-fi.png>])
\tf@toc=\write4
\openout4 = `feria-agrupaciones-2018-2.toc'.

Package babel Info: Redefining spanish shorthand <<
(babel)             in language  on input line 81.
Package babel Info: Redefining spanish shorthand >>
(babel)             in language  on input line 81.
Package babel Info: Redefining spanish shorthand "=
(babel)             in language  on input line 81.
Package babel Info: Redefining spanish shorthand "~
(babel)             in language  on input line 81.
Package babel Info: Redefining spanish shorthand "!
(babel)             in language  on input line 81.
Package babel Info: Redefining spanish shorthand "?
(babel)             in language  on input line 81.
Package babel Info: Redefining spanish shorthand <<
(babel)             in language  on input line 81.
Package babel Info: Redefining spanish shorthand >>
(babel)             in language  on input line 81.
Package babel Info: Redefining spanish shorthand "=
(babel)             in language  on input line 81.
Package babel Info: Redefining spanish shorthand "~
(babel)             in language  on input line 81.
Package babel Info: Redefining spanish shorthand "!
(babel)             in language  on input line 81.
Package babel Info: Redefining spanish shorthand "?
(babel)             in language  on input line 81.
pdfTeX warning (ext4): destination with the same identifier (name{page.}) has b
een already used, duplicate ignored
<to be read again> 
                   \relax 
l.81   \newpage
                [2]
Package babel Info: Redefining spanish shorthand <<
(babel)             in language  on input line 84.
Package babel Info: Redefining spanish shorthand >>
(babel)             in language  on input line 84.
Package babel Info: Redefining spanish shorthand "=
(babel)             in language  on input line 84.
Package babel Info: Redefining spanish shorthand "~
(babel)             in language  on input line 84.
Package babel Info: Redefining spanish shorthand "!
(babel)             in language  on input line 84.
Package babel Info: Redefining spanish shorthand "?
(babel)             in language  on input line 84.
Package babel Info: Redefining spanish shorthand <<
(babel)             in language  on input line 85.
Package babel Info: Redefining spanish shorthand >>
(babel)             in language  on input line 85.
Package babel Info: Redefining spanish shorthand "=
(babel)             in language  on input line 85.
Package babel Info: Redefining spanish shorthand "~
(babel)             in language  on input line 85.
Package babel Info: Redefining spanish shorthand "!
(babel)             in language  on input line 85.
Package babel Info: Redefining spanish shorthand "?
(babel)             in language  on input line 85.
Package babel Info: Redefining spanish shorthand <<
(babel)             in language  on input line 98.
Package babel Info: Redefining spanish shorthand >>
(babel)             in language  on input line 98.
Package babel Info: Redefining spanish shorthand "=
(babel)             in language  on input line 98.
Package babel Info: Redefining spanish shorthand "~
(babel)             in language  on input line 98.
Package babel Info: Redefining spanish shorthand "!
(babel)             in language  on input line 98.
Package babel Info: Redefining spanish shorthand "?
(babel)             in language  on input line 98.
LaTeX Font Info:    Try loading font information for T1+lmtt on input line 115.

 (/usr/share/texmf/tex/latex/lm/t1lmtt.fd
File: t1lmtt.fd 2009/10/30 v1.6 Font defs for Latin Modern
)
Package babel Info: Redefining spanish shorthand <<
(babel)             in language  on input line 119.
Package babel Info: Redefining spanish shorthand >>
(babel)             in language  on input line 119.
Package babel Info: Redefining spanish shorthand "=
(babel)             in language  on input line 119.
Package babel Info: Redefining spanish shorthand "~
(babel)             in language  on input line 119.
Package babel Info: Redefining spanish shorthand "!
(babel)             in language  on input line 119.
Package babel Info: Redefining spanish shorthand "?
(babel)             in language  on input line 119.
Package babel Info: Redefining spanish shorthand <<
(babel)             in language  on input line 133.
Package babel Info: Redefining spanish shorthand >>
(babel)             in language  on input line 133.
Package babel Info: Redefining spanish shorthand "=
(babel)             in language  on input line 133.
Package babel Info: Redefining spanish shorthand "~
(babel)             in language  on input line 133.
Package babel Info: Redefining spanish shorthand "!
(babel)             in language  on input line 133.
Package babel Info: Redefining spanish shorthand "?
(babel)             in language  on input line 133.
Package babel Info: Redefining spanish shorthand <<
(babel)             in language  on input line 133.
Package babel Info: Redefining spanish shorthand >>
(babel)             in language  on input line 133.
Package babel Info: Redefining spanish shorthand "=
(babel)             in language  on input line 133.
Package babel Info: Redefining spanish shorthand "~
(babel)             in language  on input line 133.
Package babel Info: Redefining spanish shorthand "!
(babel)             in language  on input line 133.
Package babel Info: Redefining spanish shorthand "?
(babel)             in language  on input line 133.
 [1]
Package babel Info: Redefining spanish shorthand <<
(babel)             in language  on input line 136.
Package babel Info: Redefining spanish shorthand >>
(babel)             in language  on input line 136.
Package babel Info: Redefining spanish shorthand "=
(babel)             in language  on input line 136.
Package babel Info: Redefining spanish shorthand "~
(babel)             in language  on input line 136.
Package babel Info: Redefining spanish shorthand "!
(babel)             in language  on input line 136.
Package babel Info: Redefining spanish shorthand "?
(babel)             in language  on input line 136.
Package babel Info: Redefining spanish shorthand <<
(babel)             in language  on input line 160.
Package babel Info: Redefining spanish shorthand >>
(babel)             in language  on input line 160.
Package babel Info: Redefining spanish shorthand "=
(babel)             in language  on input line 160.
Package babel Info: Redefining spanish shorthand "~
(babel)             in language  on input line 160.
Package babel Info: Redefining spanish shorthand "!
(babel)             in language  on input line 160.
Package babel Info: Redefining spanish shorthand "?
(babel)             in language  on input line 160.
Package babel Info: Redefining spanish shorthand <<
(babel)             in language  on input line 183.
Package babel Info: Redefining spanish shorthand >>
(babel)             in language  on input line 183.
Package babel Info: Redefining spanish shorthand "=
(babel)             in language  on input line 183.
Package babel Info: Redefining spanish shorthand "~
(babel)             in language  on input line 183.
Package babel Info: Redefining spanish shorthand "!
(babel)             in language  on input line 183.
Package babel Info: Redefining spanish shorthand "?
(babel)             in language  on input line 183.
Package babel Info: Redefining spanish shorthand <<
(babel)             in language  on input line 192.
Package babel Info: Redefining spanish shorthand >>
(babel)             in language  on input line 192.
Package babel Info: Redefining spanish shorthand "=
(babel)             in language  on input line 192.
Package babel Info: Redefining spanish shorthand "~
(babel)             in language  on input line 192.
Package babel Info: Redefining spanish shorthand "!
(babel)             in language  on input line 192.
Package babel Info: Redefining spanish shorthand "?
(babel)             in language  on input line 192.
Package babel Info: Redefining spanish shorthand <<
(babel)             in language  on input line 192.
Package babel Info: Redefining spanish shorthand >>
(babel)             in language  on input line 192.
Package babel Info: Redefining spanish shorthand "=
(babel)             in language  on input line 192.
Package babel Info: Redefining spanish shorthand "~
(babel)             in language  on input line 192.
Package babel Info: Redefining spanish shorthand "!
(babel)             in language  on input line 192.
Package babel Info: Redefining spanish shorthand "?
(babel)             in language  on input line 192.
 [2]
Package babel Info: Redefining spanish shorthand <<
(babel)             in language  on input line 206.
Package babel Info: Redefining spanish shorthand >>
(babel)             in language  on input line 206.
Package babel Info: Redefining spanish shorthand "=
(babel)             in language  on input line 206.
Package babel Info: Redefining spanish shorthand "~
(babel)             in language  on input line 206.
Package babel Info: Redefining spanish shorthand "!
(babel)             in language  on input line 206.
Package babel Info: Redefining spanish shorthand "?
(babel)             in language  on input line 206.
Package babel Info: Redefining spanish shorthand <<
(babel)             in language  on input line 230.
Package babel Info: Redefining spanish shorthand >>
(babel)             in language  on input line 230.
Package babel Info: Redefining spanish shorthand "=
(babel)             in language  on input line 230.
Package babel Info: Redefining spanish shorthand "~
(babel)             in language  on input line 230.
Package babel Info: Redefining spanish shorthand "!
(babel)             in language  on input line 230.
Package babel Info: Redefining spanish shorthand "?
(babel)             in language  on input line 230.
Package babel Info: Redefining spanish shorthand <<
(babel)             in language  on input line 254.
Package babel Info: Redefining spanish shorthand >>
(babel)             in language  on input line 254.
Package babel Info: Redefining spanish shorthand "=
(babel)             in language  on input line 254.
Package babel Info: Redefining spanish shorthand "~
(babel)             in language  on input line 254.
Package babel Info: Redefining spanish shorthand "!
(babel)             in language  on input line 254.
Package babel Info: Redefining spanish shorthand "?
(babel)             in language  on input line 254.
Package babel Info: Redefining spanish shorthand <<
(babel)             in language  on input line 256.
Package babel Info: Redefining spanish shorthand >>
(babel)             in language  on input line 256.
Package babel Info: Redefining spanish shorthand "=
(babel)             in language  on input line 256.
Package babel Info: Redefining spanish shorthand "~
(babel)             in language  on input line 256.
Package babel Info: Redefining spanish shorthand "!
(babel)             in language  on input line 256.
Package babel Info: Redefining spanish shorthand "?
(babel)             in language  on input line 256.
Package babel Info: Redefining spanish shorthand <<
(babel)             in language  on input line 256.
Package babel Info: Redefining spanish shorthand >>
(babel)             in language  on input line 256.
Package babel Info: Redefining spanish shorthand "=
(babel)             in language  on input line 256.
Package babel Info: Redefining spanish shorthand "~
(babel)             in language  on input line 256.
Package babel Info: Redefining spanish shorthand "!
(babel)             in language  on input line 256.
Package babel Info: Redefining spanish shorthand "?
(babel)             in language  on input line 256.
 [3]
Package babel Info: Redefining spanish shorthand <<
(babel)             in language  on input line 278.
Package babel Info: Redefining spanish shorthand >>
(babel)             in language  on input line 278.
Package babel Info: Redefining spanish shorthand "=
(babel)             in language  on input line 278.
Package babel Info: Redefining spanish shorthand "~
(babel)             in language  on input line 278.
Package babel Info: Redefining spanish shorthand "!
(babel)             in language  on input line 278.
Package babel Info: Redefining spanish shorthand "?
(babel)             in language  on input line 278.
Package babel Info: Redefining spanish shorthand <<
(babel)             in language  on input line 304.
Package babel Info: Redefining spanish shorthand >>
(babel)             in language  on input line 304.
Package babel Info: Redefining spanish shorthand "=
(babel)             in language  on input line 304.
Package babel Info: Redefining spanish shorthand "~
(babel)             in language  on input line 304.
Package babel Info: Redefining spanish shorthand "!
(babel)             in language  on input line 304.
Package babel Info: Redefining spanish shorthand "?
(babel)             in language  on input line 304.
Package babel Info: Redefining spanish shorthand <<
(babel)             in language  on input line 304.
Package babel Info: Redefining spanish shorthand >>
(babel)             in language  on input line 304.
Package babel Info: Redefining spanish shorthand "=
(babel)             in language  on input line 304.
Package babel Info: Redefining spanish shorthand "~
(babel)             in language  on input line 304.
Package babel Info: Redefining spanish shorthand "!
(babel)             in language  on input line 304.
Package babel Info: Redefining spanish shorthand "?
(babel)             in language  on input line 304.

[4]
Package babel Info: Redefining spanish shorthand <<
(babel)             in language  on input line 347.
Package babel Info: Redefining spanish shorthand >>
(babel)             in language  on input line 347.
Package babel Info: Redefining spanish shorthand "=
(babel)             in language  on input line 347.
Package babel Info: Redefining spanish shorthand "~
(babel)             in language  on input line 347.
Package babel Info: Redefining spanish shorthand "!
(babel)             in language  on input line 347.
Package babel Info: Redefining spanish shorthand "?
(babel)             in language  on input line 347.
Package babel Info: Redefining spanish shorthand <<
(babel)             in language  on input line 348.
Package babel Info: Redefining spanish shorthand >>
(babel)             in language  on input line 348.
Package babel Info: Redefining spanish shorthand "=
(babel)             in language  on input line 348.
Package babel Info: Redefining spanish shorthand "~
(babel)             in language  on input line 348.
Package babel Info: Redefining spanish shorthand "!
(babel)             in language  on input line 348.
Package babel Info: Redefining spanish shorthand "?
(babel)             in language  on input line 348.
Package babel Info: Redefining spanish shorthand <<
(babel)             in language  on input line 348.
Package babel Info: Redefining spanish shorthand >>
(babel)             in language  on input line 348.
Package babel Info: Redefining spanish shorthand "=
(babel)             in language  on input line 348.
Package babel Info: Redefining spanish shorthand "~
(babel)             in language  on input line 348.
Package babel Info: Redefining spanish shorthand "!
(babel)             in language  on input line 348.
Package babel Info: Redefining spanish shorthand "?
(babel)             in language  on input line 348.
 [5

]
Package color Info: Redefining color @timetableEMblock on input line 404.
Package color Info: Redefining color @timetableEMtext on input line 404.
Package color Info: Redefining color @timetableLUISblock on input line 407.
Package color Info: Redefining color @timetableLUIStext on input line 407.
Package color Info: Redefining color @timetablePABSblock on input line 411.
Package color Info: Redefining color @timetablePABStext on input line 411.
LaTeX Font Info:    Try loading font information for T1+lmss on input line 421.

 (/usr/share/texmf/tex/latex/lm/t1lmss.fd
File: t1lmss.fd 2009/10/30 v1.6 Font defs for Latin Modern
)
LaTeX Font Info:    External font `lmex10' loaded for size
(Font)              <12> on input line 428.
LaTeX Font Info:    External font `lmex10' loaded for size
(Font)              <14.4> on input line 428.
LaTeX Font Info:    External font `lmex10' loaded for size
(Font)              <10> on input line 428.
LaTeX Font Info:    External font `lmex10' loaded for size
(Font)              <7> on input line 428.
Package babel Info: Redefining spanish shorthand <<
(babel)             in language  on input line 487.
Package babel Info: Redefining spanish shorthand >>
(babel)             in language  on input line 487.
Package babel Info: Redefining spanish shorthand "=
(babel)             in language  on input line 487.
Package babel Info: Redefining spanish shorthand "~
(babel)             in language  on input line 487.
Package babel Info: Redefining spanish shorthand "!
(babel)             in language  on input line 487.
Package babel Info: Redefining spanish shorthand "?
(babel)             in language  on input line 487.
Package babel Info: Redefining spanish shorthand <<
(babel)             in language  on input line 488.
Package babel Info: Redefining spanish shorthand >>
(babel)             in language  on input line 488.
Package babel Info: Redefining spanish shorthand "=
(babel)             in language  on input line 488.
Package babel Info: Redefining spanish shorthand "~
(babel)             in language  on input line 488.
Package babel Info: Redefining spanish shorthand "!
(babel)             in language  on input line 488.
Package babel Info: Redefining spanish shorthand "?
(babel)             in language  on input line 488.
Package babel Info: Redefining spanish shorthand <<
(babel)             in language  on input line 488.
Package babel Info: Redefining spanish shorthand >>
(babel)             in language  on input line 488.
Package babel Info: Redefining spanish shorthand "=
(babel)             in language  on input line 488.
Package babel Info: Redefining spanish shorthand "~
(babel)             in language  on input line 488.
Package babel Info: Redefining spanish shorthand "!
(babel)             in language  on input line 488.
Package babel Info: Redefining spanish shorthand "?
(babel)             in language  on input line 488.
 [6


]
Package babel Info: Redefining spanish shorthand <<
(babel)             in language  on input line 491.
Package babel Info: Redefining spanish shorthand >>
(babel)             in language  on input line 491.
Package babel Info: Redefining spanish shorthand "=
(babel)             in language  on input line 491.
Package babel Info: Redefining spanish shorthand "~
(babel)             in language  on input line 491.
Package babel Info: Redefining spanish shorthand "!
(babel)             in language  on input line 491.
Package babel Info: Redefining spanish shorthand "?
(babel)             in language  on input line 491.
Package babel Info: Redefining spanish shorthand <<
(babel)             in language  on input line 494.
Package babel Info: Redefining spanish shorthand >>
(babel)             in language  on input line 494.
Package babel Info: Redefining spanish shorthand "=
(babel)             in language  on input line 494.
Package babel Info: Redefining spanish shorthand "~
(babel)             in language  on input line 494.
Package babel Info: Redefining spanish shorthand "!
(babel)             in language  on input line 494.
Package babel Info: Redefining spanish shorthand "?
(babel)             in language  on input line 494.
Package babel Info: Redefining spanish shorthand <<
(babel)             in language  on input line 501.
Package babel Info: Redefining spanish shorthand >>
(babel)             in language  on input line 501.
Package babel Info: Redefining spanish shorthand "=
(babel)             in language  on input line 501.
Package babel Info: Redefining spanish shorthand "~
(babel)             in language  on input line 501.
Package babel Info: Redefining spanish shorthand "!
(babel)             in language  on input line 501.
Package babel Info: Redefining spanish shorthand "?
(babel)             in language  on input line 501.
Package babel Info: Redefining spanish shorthand <<
(babel)             in language  on input line 511.
Package babel Info: Redefining spanish shorthand >>
(babel)             in language  on input line 511.
Package babel Info: Redefining spanish shorthand "=
(babel)             in language  on input line 511.
Package babel Info: Redefining spanish shorthand "~
(babel)             in language  on input line 511.
Package babel Info: Redefining spanish shorthand "!
(babel)             in language  on input line 511.
Package babel Info: Redefining spanish shorthand "?
(babel)             in language  on input line 511.
Package babel Info: Redefining spanish shorthand <<
(babel)             in language  on input line 517.
Package babel Info: Redefining spanish shorthand >>
(babel)             in language  on input line 517.
Package babel Info: Redefining spanish shorthand "=
(babel)             in language  on input line 517.
Package babel Info: Redefining spanish shorthand "~
(babel)             in language  on input line 517.
Package babel Info: Redefining spanish shorthand "!
(babel)             in language  on input line 517.
Package babel Info: Redefining spanish shorthand "?
(babel)             in language  on input line 517.
Package babel Info: Redefining spanish shorthand <<
(babel)             in language  on input line 522.
Package babel Info: Redefining spanish shorthand >>
(babel)             in language  on input line 522.
Package babel Info: Redefining spanish shorthand "=
(babel)             in language  on input line 522.
Package babel Info: Redefining spanish shorthand "~
(babel)             in language  on input line 522.
Package babel Info: Redefining spanish shorthand "!
(babel)             in language  on input line 522.
Package babel Info: Redefining spanish shorthand "?
(babel)             in language  on input line 522.
Package babel Info: Redefining spanish shorthand <<
(babel)             in language  on input line 522.
Package babel Info: Redefining spanish shorthand >>
(babel)             in language  on input line 522.
Package babel Info: Redefining spanish shorthand "=
(babel)             in language  on input line 522.
Package babel Info: Redefining spanish shorthand "~
(babel)             in language  on input line 522.
Package babel Info: Redefining spanish shorthand "!
(babel)             in language  on input line 522.
Package babel Info: Redefining spanish shorthand "?
(babel)             in language  on input line 522.
 [7

]
Package babel Info: Redefining spanish shorthand <<
(babel)             in language  on input line 523.
Package babel Info: Redefining spanish shorthand >>
(babel)             in language  on input line 523.
Package babel Info: Redefining spanish shorthand "=
(babel)             in language  on input line 523.
Package babel Info: Redefining spanish shorthand "~
(babel)             in language  on input line 523.
Package babel Info: Redefining spanish shorthand "!
(babel)             in language  on input line 523.
Package babel Info: Redefining spanish shorthand "?
(babel)             in language  on input line 523.
Package babel Info: Redefining spanish shorthand <<
(babel)             in language  on input line 524.
Package babel Info: Redefining spanish shorthand >>
(babel)             in language  on input line 524.
Package babel Info: Redefining spanish shorthand "=
(babel)             in language  on input line 524.
Package babel Info: Redefining spanish shorthand "~
(babel)             in language  on input line 524.
Package babel Info: Redefining spanish shorthand "!
(babel)             in language  on input line 524.
Package babel Info: Redefining spanish shorthand "?
(babel)             in language  on input line 524.
Package babel Info: Redefining spanish shorthand <<
(babel)             in language  on input line 526.
Package babel Info: Redefining spanish shorthand >>
(babel)             in language  on input line 526.
Package babel Info: Redefining spanish shorthand "=
(babel)             in language  on input line 526.
Package babel Info: Redefining spanish shorthand "~
(babel)             in language  on input line 526.
Package babel Info: Redefining spanish shorthand "!
(babel)             in language  on input line 526.
Package babel Info: Redefining spanish shorthand "?
(babel)             in language  on input line 526.

<images/openmovies-01.jpg, id=290, 963.6pt x 722.7pt>
File: images/openmovies-01.jpg Graphic file (type jpg)

<use images/openmovies-01.jpg>
Package pdftex.def Info: images/openmovies-01.jpg used on input line 530.
(pdftex.def)             Requested size: 354.23695pt x 265.67451pt.
Package babel Info: Redefining spanish shorthand <<
(babel)             in language  on input line 536.
Package babel Info: Redefining spanish shorthand >>
(babel)             in language  on input line 536.
Package babel Info: Redefining spanish shorthand "=
(babel)             in language  on input line 536.
Package babel Info: Redefining spanish shorthand "~
(babel)             in language  on input line 536.
Package babel Info: Redefining spanish shorthand "!
(babel)             in language  on input line 536.
Package babel Info: Redefining spanish shorthand "?
(babel)             in language  on input line 536.

<images/installfest-01.jpg, id=292, 1284.8pt x 720.6925pt>
File: images/installfest-01.jpg Graphic file (type jpg)

<use images/installfest-01.jpg>
Package pdftex.def Info: images/installfest-01.jpg used on input line 540.
(pdftex.def)             Requested size: 354.23695pt x 198.70241pt.
Package babel Info: Redefining spanish shorthand <<
(babel)             in language  on input line 545.
Package babel Info: Redefining spanish shorthand >>
(babel)             in language  on input line 545.
Package babel Info: Redefining spanish shorthand "=
(babel)             in language  on input line 545.
Package babel Info: Redefining spanish shorthand "~
(babel)             in language  on input line 545.
Package babel Info: Redefining spanish shorthand "!
(babel)             in language  on input line 545.
Package babel Info: Redefining spanish shorthand "?
(babel)             in language  on input line 545.
Package babel Info: Redefining spanish shorthand <<
(babel)             in language  on input line 545.
Package babel Info: Redefining spanish shorthand >>
(babel)             in language  on input line 545.
Package babel Info: Redefining spanish shorthand "=
(babel)             in language  on input line 545.
Package babel Info: Redefining spanish shorthand "~
(babel)             in language  on input line 545.
Package babel Info: Redefining spanish shorthand "!
(babel)             in language  on input line 545.
Package babel Info: Redefining spanish shorthand "?
(babel)             in language  on input line 545.
 [8 <./images/openmovies-01.jpg>]
Package babel Info: Redefining spanish shorthand <<
(babel)             in language  on input line 546.
Package babel Info: Redefining spanish shorthand >>
(babel)             in language  on input line 546.
Package babel Info: Redefining spanish shorthand "=
(babel)             in language  on input line 546.
Package babel Info: Redefining spanish shorthand "~
(babel)             in language  on input line 546.
Package babel Info: Redefining spanish shorthand "!
(babel)             in language  on input line 546.
Package babel Info: Redefining spanish shorthand "?
(babel)             in language  on input line 546.

<images/openscad-01.jpg, id=301, 963.6pt x 722.7pt>
File: images/openscad-01.jpg Graphic file (type jpg)

<use images/openscad-01.jpg>
Package pdftex.def Info: images/openscad-01.jpg used on input line 551.
(pdftex.def)             Requested size: 354.23695pt x 265.67451pt.
Package babel Info: Redefining spanish shorthand <<
(babel)             in language  on input line 557.
Package babel Info: Redefining spanish shorthand >>
(babel)             in language  on input line 557.
Package babel Info: Redefining spanish shorthand "=
(babel)             in language  on input line 557.
Package babel Info: Redefining spanish shorthand "~
(babel)             in language  on input line 557.
Package babel Info: Redefining spanish shorthand "!
(babel)             in language  on input line 557.
Package babel Info: Redefining spanish shorthand "?
(babel)             in language  on input line 557.

<images/impresion-01.jpg, id=303, 963.6pt x 722.7pt>
File: images/impresion-01.jpg Graphic file (type jpg)

<use images/impresion-01.jpg>
Package pdftex.def Info: images/impresion-01.jpg used on input line 562.
(pdftex.def)             Requested size: 354.23695pt x 265.67451pt.
Package babel Info: Redefining spanish shorthand <<
(babel)             in language  on input line 567.
Package babel Info: Redefining spanish shorthand >>
(babel)             in language  on input line 567.
Package babel Info: Redefining spanish shorthand "=
(babel)             in language  on input line 567.
Package babel Info: Redefining spanish shorthand "~
(babel)             in language  on input line 567.
Package babel Info: Redefining spanish shorthand "!
(babel)             in language  on input line 567.
Package babel Info: Redefining spanish shorthand "?
(babel)             in language  on input line 567.
Package babel Info: Redefining spanish shorthand <<
(babel)             in language  on input line 567.
Package babel Info: Redefining spanish shorthand >>
(babel)             in language  on input line 567.
Package babel Info: Redefining spanish shorthand "=
(babel)             in language  on input line 567.
Package babel Info: Redefining spanish shorthand "~
(babel)             in language  on input line 567.
Package babel Info: Redefining spanish shorthand "!
(babel)             in language  on input line 567.
Package babel Info: Redefining spanish shorthand "?
(babel)             in language  on input line 567.
 [9 <./images/installfest-01.jpg> <./images/openscad-01.jpg>]
Package babel Info: Redefining spanish shorthand <<
(babel)             in language  on input line 568.
Package babel Info: Redefining spanish shorthand >>
(babel)             in language  on input line 568.
Package babel Info: Redefining spanish shorthand "=
(babel)             in language  on input line 568.
Package babel Info: Redefining spanish shorthand "~
(babel)             in language  on input line 568.
Package babel Info: Redefining spanish shorthand "!
(babel)             in language  on input line 568.
Package babel Info: Redefining spanish shorthand "?
(babel)             in language  on input line 568.
 <images/kicad-01.jpg, id=310, 963.6pt x 722.7pt>
File: images/kicad-01.jpg Graphic file (type jpg)

<use images/kicad-01.jpg>
Package pdftex.def Info: images/kicad-01.jpg used on input line 572.
(pdftex.def)             Requested size: 354.23695pt x 265.67451pt.
 <images/kicad-02.jpg, id=311, 963.6pt x 722.7pt>
File: images/kicad-02.jpg Graphic file (type jpg)

<use images/kicad-02.jpg>
Package pdftex.def Info: images/kicad-02.jpg used on input line 580.
(pdftex.def)             Requested size: 354.23695pt x 265.67451pt.
Package babel Info: Redefining spanish shorthand <<
(babel)             in language  on input line 585.
Package babel Info: Redefining spanish shorthand >>
(babel)             in language  on input line 585.
Package babel Info: Redefining spanish shorthand "=
(babel)             in language  on input line 585.
Package babel Info: Redefining spanish shorthand "~
(babel)             in language  on input line 585.
Package babel Info: Redefining spanish shorthand "!
(babel)             in language  on input line 585.
Package babel Info: Redefining spanish shorthand "?
(babel)             in language  on input line 585.
Package babel Info: Redefining spanish shorthand <<
(babel)             in language  on input line 585.
Package babel Info: Redefining spanish shorthand >>
(babel)             in language  on input line 585.
Package babel Info: Redefining spanish shorthand "=
(babel)             in language  on input line 585.
Package babel Info: Redefining spanish shorthand "~
(babel)             in language  on input line 585.
Package babel Info: Redefining spanish shorthand "!
(babel)             in language  on input line 585.
Package babel Info: Redefining spanish shorthand "?
(babel)             in language  on input line 585.
 [10 <./images/impresion-01.jpg> <./images/kicad-01.jpg>]
Package babel Info: Redefining spanish shorthand <<
(babel)             in language  on input line 586.
Package babel Info: Redefining spanish shorthand >>
(babel)             in language  on input line 586.
Package babel Info: Redefining spanish shorthand "=
(babel)             in language  on input line 586.
Package babel Info: Redefining spanish shorthand "~
(babel)             in language  on input line 586.
Package babel Info: Redefining spanish shorthand "!
(babel)             in language  on input line 586.
Package babel Info: Redefining spanish shorthand "?
(babel)             in language  on input line 586.
 <images/nightly-01.jpg, id=317, 1284.8pt x 720.6925pt>
File: images/nightly-01.jpg Graphic file (type jpg)

<use images/nightly-01.jpg>
Package pdftex.def Info: images/nightly-01.jpg used on input line 592.
(pdftex.def)             Requested size: 354.23695pt x 198.70241pt.
Package babel Info: Redefining spanish shorthand <<
(babel)             in language  on input line 598.
Package babel Info: Redefining spanish shorthand >>
(babel)             in language  on input line 598.
Package babel Info: Redefining spanish shorthand "=
(babel)             in language  on input line 598.
Package babel Info: Redefining spanish shorthand "~
(babel)             in language  on input line 598.
Package babel Info: Redefining spanish shorthand "!
(babel)             in language  on input line 598.
Package babel Info: Redefining spanish shorthand "?
(babel)             in language  on input line 598.
 <images/tor-02.jpg, id=318, 4175.6pt x 3131.7pt>
File: images/tor-02.jpg Graphic file (type jpg)

<use images/tor-02.jpg>
Package pdftex.def Info: images/tor-02.jpg used on input line 602.
(pdftex.def)             Requested size: 177.11847pt x 132.79683pt.
 <images/tor-01.jpg, id=319, 4175.6pt x 3131.7pt>
File: images/tor-01.jpg Graphic file (type jpg)

<use images/tor-01.jpg>
Package pdftex.def Info: images/tor-01.jpg used on input line 603.
(pdftex.def)             Requested size: 177.11847pt x 132.79683pt.
Package babel Info: Redefining spanish shorthand <<
(babel)             in language  on input line 608.
Package babel Info: Redefining spanish shorthand >>
(babel)             in language  on input line 608.
Package babel Info: Redefining spanish shorthand "=
(babel)             in language  on input line 608.
Package babel Info: Redefining spanish shorthand "~
(babel)             in language  on input line 608.
Package babel Info: Redefining spanish shorthand "!
(babel)             in language  on input line 608.
Package babel Info: Redefining spanish shorthand "?
(babel)             in language  on input line 608.
Package babel Info: Redefining spanish shorthand <<
(babel)             in language  on input line 608.
Package babel Info: Redefining spanish shorthand >>
(babel)             in language  on input line 608.
Package babel Info: Redefining spanish shorthand "=
(babel)             in language  on input line 608.
Package babel Info: Redefining spanish shorthand "~
(babel)             in language  on input line 608.
Package babel Info: Redefining spanish shorthand "!
(babel)             in language  on input line 608.
Package babel Info: Redefining spanish shorthand "?
(babel)             in language  on input line 608.
 [11 <./images/kicad-02.jpg> <./images/nightly-01.jpg>]
Package babel Info: Redefining spanish shorthand <<
(babel)             in language  on input line 610.
Package babel Info: Redefining spanish shorthand >>
(babel)             in language  on input line 610.
Package babel Info: Redefining spanish shorthand "=
(babel)             in language  on input line 610.
Package babel Info: Redefining spanish shorthand "~
(babel)             in language  on input line 610.
Package babel Info: Redefining spanish shorthand "!
(babel)             in language  on input line 610.
Package babel Info: Redefining spanish shorthand "?
(babel)             in language  on input line 610.

<images/git-02.jpg, id=328, 963.6pt x 722.7pt>
File: images/git-02.jpg Graphic file (type jpg)
 <use images/git-02.jpg>
Package pdftex.def Info: images/git-02.jpg used on input line 615.
(pdftex.def)             Requested size: 177.11847pt x 132.83725pt.

<images/git-03.jpg, id=329, 963.6pt x 722.7pt>
File: images/git-03.jpg Graphic file (type jpg)
 <use images/git-03.jpg>
Package pdftex.def Info: images/git-03.jpg used on input line 616.
(pdftex.def)             Requested size: 177.11847pt x 132.83725pt.

<images/git-01.jpg, id=330, 963.6pt x 722.7pt>
File: images/git-01.jpg Graphic file (type jpg)
 <use images/git-01.jpg>
Package pdftex.def Info: images/git-01.jpg used on input line 617.
(pdftex.def)             Requested size: 177.11847pt x 132.83725pt.

<images/git-04.jpg, id=331, 963.6pt x 722.7pt>
File: images/git-04.jpg Graphic file (type jpg)
 <use images/git-04.jpg>
Package pdftex.def Info: images/git-04.jpg used on input line 618.
(pdftex.def)             Requested size: 177.11847pt x 132.83725pt.
Package babel Info: Redefining spanish shorthand <<
(babel)             in language  on input line 624.
Package babel Info: Redefining spanish shorthand >>
(babel)             in language  on input line 624.
Package babel Info: Redefining spanish shorthand "=
(babel)             in language  on input line 624.
Package babel Info: Redefining spanish shorthand "~
(babel)             in language  on input line 624.
Package babel Info: Redefining spanish shorthand "!
(babel)             in language  on input line 624.
Package babel Info: Redefining spanish shorthand "?
(babel)             in language  on input line 624.

<images/privativo-01.jpg, id=332, 963.6pt x 722.7pt>
File: images/privativo-01.jpg Graphic file (type jpg)

<use images/privativo-01.jpg>
Package pdftex.def Info: images/privativo-01.jpg used on input line 628.
(pdftex.def)             Requested size: 354.23695pt x 265.67451pt.
Package babel Info: Redefining spanish shorthand <<
(babel)             in language  on input line 633.
Package babel Info: Redefining spanish shorthand >>
(babel)             in language  on input line 633.
Package babel Info: Redefining spanish shorthand "=
(babel)             in language  on input line 633.
Package babel Info: Redefining spanish shorthand "~
(babel)             in language  on input line 633.
Package babel Info: Redefining spanish shorthand "!
(babel)             in language  on input line 633.
Package babel Info: Redefining spanish shorthand "?
(babel)             in language  on input line 633.
Package babel Info: Redefining spanish shorthand <<
(babel)             in language  on input line 633.
Package babel Info: Redefining spanish shorthand >>
(babel)             in language  on input line 633.
Package babel Info: Redefining spanish shorthand "=
(babel)             in language  on input line 633.
Package babel Info: Redefining spanish shorthand "~
(babel)             in language  on input line 633.
Package babel Info: Redefining spanish shorthand "!
(babel)             in language  on input line 633.
Package babel Info: Redefining spanish shorthand "?
(babel)             in language  on input line 633.
 [12 <./images/tor-02.jpg> <./images/tor-01.jpg> <./images/git-02.jpg> <./image
s/git-03.jpg> <./images/git-01.jpg> <./images/git-04.jpg>]
Package babel Info: Redefining spanish shorthand <<
(babel)             in language  on input line 634.
Package babel Info: Redefining spanish shorthand >>
(babel)             in language  on input line 634.
Package babel Info: Redefining spanish shorthand "=
(babel)             in language  on input line 634.
Package babel Info: Redefining spanish shorthand "~
(babel)             in language  on input line 634.
Package babel Info: Redefining spanish shorthand "!
(babel)             in language  on input line 634.
Package babel Info: Redefining spanish shorthand "?
(babel)             in language  on input line 634.
Package babel Info: Redefining spanish shorthand <<
(babel)             in language  on input line 634.
Package babel Info: Redefining spanish shorthand >>
(babel)             in language  on input line 634.
Package babel Info: Redefining spanish shorthand "=
(babel)             in language  on input line 634.
Package babel Info: Redefining spanish shorthand "~
(babel)             in language  on input line 634.
Package babel Info: Redefining spanish shorthand "!
(babel)             in language  on input line 634.
Package babel Info: Redefining spanish shorthand "?
(babel)             in language  on input line 634.
 [13 <./images/privativo-01.jpg>]
Package babel Info: Redefining spanish shorthand <<
(babel)             in language  on input line 636.
Package babel Info: Redefining spanish shorthand >>
(babel)             in language  on input line 636.
Package babel Info: Redefining spanish shorthand "=
(babel)             in language  on input line 636.
Package babel Info: Redefining spanish shorthand "~
(babel)             in language  on input line 636.
Package babel Info: Redefining spanish shorthand "!
(babel)             in language  on input line 636.
Package babel Info: Redefining spanish shorthand "?
(babel)             in language  on input line 636.
Package babel Info: Redefining spanish shorthand <<
(babel)             in language  on input line 637.
Package babel Info: Redefining spanish shorthand >>
(babel)             in language  on input line 637.
Package babel Info: Redefining spanish shorthand "=
(babel)             in language  on input line 637.
Package babel Info: Redefining spanish shorthand "~
(babel)             in language  on input line 637.
Package babel Info: Redefining spanish shorthand "!
(babel)             in language  on input line 637.
Package babel Info: Redefining spanish shorthand "?
(babel)             in language  on input line 637.
LaTeX Font Info:    Try loading font information for OMS+lmr on input line 661.


(/usr/share/texmf/tex/latex/lm/omslmr.fd
File: omslmr.fd 2009/10/30 v1.6 Font defs for Latin Modern
)
LaTeX Font Info:    Font shape `OMS/lmr/m/n' in size <10.95> not available
(Font)              Font shape `OMS/lmsy/m/n' tried instead on input line 661.
Package babel Info: Redefining spanish shorthand <<
(babel)             in language  on input line 672.
Package babel Info: Redefining spanish shorthand >>
(babel)             in language  on input line 672.
Package babel Info: Redefining spanish shorthand "=
(babel)             in language  on input line 672.
Package babel Info: Redefining spanish shorthand "~
(babel)             in language  on input line 672.
Package babel Info: Redefining spanish shorthand "!
(babel)             in language  on input line 672.
Package babel Info: Redefining spanish shorthand "?
(babel)             in language  on input line 672.
Package babel Info: Redefining spanish shorthand <<
(babel)             in language  on input line 672.
Package babel Info: Redefining spanish shorthand >>
(babel)             in language  on input line 672.
Package babel Info: Redefining spanish shorthand "=
(babel)             in language  on input line 672.
Package babel Info: Redefining spanish shorthand "~
(babel)             in language  on input line 672.
Package babel Info: Redefining spanish shorthand "!
(babel)             in language  on input line 672.
Package babel Info: Redefining spanish shorthand "?
(babel)             in language  on input line 672.
 [14]
Package babel Info: Redefining spanish shorthand <<
(babel)             in language  on input line 682.
Package babel Info: Redefining spanish shorthand >>
(babel)             in language  on input line 682.
Package babel Info: Redefining spanish shorthand "=
(babel)             in language  on input line 682.
Package babel Info: Redefining spanish shorthand "~
(babel)             in language  on input line 682.
Package babel Info: Redefining spanish shorthand "!
(babel)             in language  on input line 682.
Package babel Info: Redefining spanish shorthand "?
(babel)             in language  on input line 682.
Package babel Info: Redefining spanish shorthand <<
(babel)             in language  on input line 705.
Package babel Info: Redefining spanish shorthand >>
(babel)             in language  on input line 705.
Package babel Info: Redefining spanish shorthand "=
(babel)             in language  on input line 705.
Package babel Info: Redefining spanish shorthand "~
(babel)             in language  on input line 705.
Package babel Info: Redefining spanish shorthand "!
(babel)             in language  on input line 705.
Package babel Info: Redefining spanish shorthand "?
(babel)             in language  on input line 705.
Package babel Info: Redefining spanish shorthand <<
(babel)             in language  on input line 726.
Package babel Info: Redefining spanish shorthand >>
(babel)             in language  on input line 726.
Package babel Info: Redefining spanish shorthand "=
(babel)             in language  on input line 726.
Package babel Info: Redefining spanish shorthand "~
(babel)             in language  on input line 726.
Package babel Info: Redefining spanish shorthand "!
(babel)             in language  on input line 726.
Package babel Info: Redefining spanish shorthand "?
(babel)             in language  on input line 726.
Package babel Info: Redefining spanish shorthand <<
(babel)             in language  on input line 731.
Package babel Info: Redefining spanish shorthand >>
(babel)             in language  on input line 731.
Package babel Info: Redefining spanish shorthand "=
(babel)             in language  on input line 731.
Package babel Info: Redefining spanish shorthand "~
(babel)             in language  on input line 731.
Package babel Info: Redefining spanish shorthand "!
(babel)             in language  on input line 731.
Package babel Info: Redefining spanish shorthand "?
(babel)             in language  on input line 731.
Package babel Info: Redefining spanish shorthand <<
(babel)             in language  on input line 731.
Package babel Info: Redefining spanish shorthand >>
(babel)             in language  on input line 731.
Package babel Info: Redefining spanish shorthand "=
(babel)             in language  on input line 731.
Package babel Info: Redefining spanish shorthand "~
(babel)             in language  on input line 731.
Package babel Info: Redefining spanish shorthand "!
(babel)             in language  on input line 731.
Package babel Info: Redefining spanish shorthand "?
(babel)             in language  on input line 731.
 [15]
Package babel Info: Redefining spanish shorthand <<
(babel)             in language  on input line 751.
Package babel Info: Redefining spanish shorthand >>
(babel)             in language  on input line 751.
Package babel Info: Redefining spanish shorthand "=
(babel)             in language  on input line 751.
Package babel Info: Redefining spanish shorthand "~
(babel)             in language  on input line 751.
Package babel Info: Redefining spanish shorthand "!
(babel)             in language  on input line 751.
Package babel Info: Redefining spanish shorthand "?
(babel)             in language  on input line 751.
Package babel Info: Redefining spanish shorthand <<
(babel)             in language  on input line 774.
Package babel Info: Redefining spanish shorthand >>
(babel)             in language  on input line 774.
Package babel Info: Redefining spanish shorthand "=
(babel)             in language  on input line 774.
Package babel Info: Redefining spanish shorthand "~
(babel)             in language  on input line 774.
Package babel Info: Redefining spanish shorthand "!
(babel)             in language  on input line 774.
Package babel Info: Redefining spanish shorthand "?
(babel)             in language  on input line 774.
Package babel Info: Redefining spanish shorthand <<
(babel)             in language  on input line 800.
Package babel Info: Redefining spanish shorthand >>
(babel)             in language  on input line 800.
Package babel Info: Redefining spanish shorthand "=
(babel)             in language  on input line 800.
Package babel Info: Redefining spanish shorthand "~
(babel)             in language  on input line 800.
Package babel Info: Redefining spanish shorthand "!
(babel)             in language  on input line 800.
Package babel Info: Redefining spanish shorthand "?
(babel)             in language  on input line 800.
Package babel Info: Redefining spanish shorthand <<
(babel)             in language  on input line 811.
Package babel Info: Redefining spanish shorthand >>
(babel)             in language  on input line 811.
Package babel Info: Redefining spanish shorthand "=
(babel)             in language  on input line 811.
Package babel Info: Redefining spanish shorthand "~
(babel)             in language  on input line 811.
Package babel Info: Redefining spanish shorthand "!
(babel)             in language  on input line 811.
Package babel Info: Redefining spanish shorthand "?
(babel)             in language  on input line 811.
Package babel Info: Redefining spanish shorthand <<
(babel)             in language  on input line 811.
Package babel Info: Redefining spanish shorthand >>
(babel)             in language  on input line 811.
Package babel Info: Redefining spanish shorthand "=
(babel)             in language  on input line 811.
Package babel Info: Redefining spanish shorthand "~
(babel)             in language  on input line 811.
Package babel Info: Redefining spanish shorthand "!
(babel)             in language  on input line 811.
Package babel Info: Redefining spanish shorthand "?
(babel)             in language  on input line 811.
 [16]
Package babel Info: Redefining spanish shorthand <<
(babel)             in language  on input line 825.
Package babel Info: Redefining spanish shorthand >>
(babel)             in language  on input line 825.
Package babel Info: Redefining spanish shorthand "=
(babel)             in language  on input line 825.
Package babel Info: Redefining spanish shorthand "~
(babel)             in language  on input line 825.
Package babel Info: Redefining spanish shorthand "!
(babel)             in language  on input line 825.
Package babel Info: Redefining spanish shorthand "?
(babel)             in language  on input line 825.
Package babel Info: Redefining spanish shorthand <<
(babel)             in language  on input line 847.
Package babel Info: Redefining spanish shorthand >>
(babel)             in language  on input line 847.
Package babel Info: Redefining spanish shorthand "=
(babel)             in language  on input line 847.
Package babel Info: Redefining spanish shorthand "~
(babel)             in language  on input line 847.
Package babel Info: Redefining spanish shorthand "!
(babel)             in language  on input line 847.
Package babel Info: Redefining spanish shorthand "?
(babel)             in language  on input line 847.
Package babel Info: Redefining spanish shorthand <<
(babel)             in language  on input line 869.
Package babel Info: Redefining spanish shorthand >>
(babel)             in language  on input line 869.
Package babel Info: Redefining spanish shorthand "=
(babel)             in language  on input line 869.
Package babel Info: Redefining spanish shorthand "~
(babel)             in language  on input line 869.
Package babel Info: Redefining spanish shorthand "!
(babel)             in language  on input line 869.
Package babel Info: Redefining spanish shorthand "?
(babel)             in language  on input line 869.
Package babel Info: Redefining spanish shorthand <<
(babel)             in language  on input line 873.
Package babel Info: Redefining spanish shorthand >>
(babel)             in language  on input line 873.
Package babel Info: Redefining spanish shorthand "=
(babel)             in language  on input line 873.
Package babel Info: Redefining spanish shorthand "~
(babel)             in language  on input line 873.
Package babel Info: Redefining spanish shorthand "!
(babel)             in language  on input line 873.
Package babel Info: Redefining spanish shorthand "?
(babel)             in language  on input line 873.
Package babel Info: Redefining spanish shorthand <<
(babel)             in language  on input line 873.
Package babel Info: Redefining spanish shorthand >>
(babel)             in language  on input line 873.
Package babel Info: Redefining spanish shorthand "=
(babel)             in language  on input line 873.
Package babel Info: Redefining spanish shorthand "~
(babel)             in language  on input line 873.
Package babel Info: Redefining spanish shorthand "!
(babel)             in language  on input line 873.
Package babel Info: Redefining spanish shorthand "?
(babel)             in language  on input line 873.
 [17]
Package atveryend Info: Empty hook `BeforeClearDocument' on input line 897.
Package babel Info: Redefining spanish shorthand <<
(babel)             in language  on input line 897.
Package babel Info: Redefining spanish shorthand >>
(babel)             in language  on input line 897.
Package babel Info: Redefining spanish shorthand "=
(babel)             in language  on input line 897.
Package babel Info: Redefining spanish shorthand "~
(babel)             in language  on input line 897.
Package babel Info: Redefining spanish shorthand "!
(babel)             in language  on input line 897.
Package babel Info: Redefining spanish shorthand "?
(babel)             in language  on input line 897.
Package babel Info: Redefining spanish shorthand <<
(babel)             in language  on input line 897.
Package babel Info: Redefining spanish shorthand >>
(babel)             in language  on input line 897.
Package babel Info: Redefining spanish shorthand "=
(babel)             in language  on input line 897.
Package babel Info: Redefining spanish shorthand "~
(babel)             in language  on input line 897.
Package babel Info: Redefining spanish shorthand "!
(babel)             in language  on input line 897.
Package babel Info: Redefining spanish shorthand "?
(babel)             in language  on input line 897.
 [18]
Package atveryend Info: Empty hook `AfterLastShipout' on input line 897.

(./feria-agrupaciones-2018-2.aux
LaTeX Info: Redefining \. on input line 23.
LaTeX Info: Redefining \% on input line 23.
)
Package atveryend Info: Executing hook `AtVeryEndDocument' on input line 897.
Package atveryend Info: Executing hook `AtEndAfterFileList' on input line 897.
Package rerunfilecheck Info: File `feria-agrupaciones-2018-2.out' has not chang
ed.
(rerunfilecheck)             Checksum: 6E7A4D053E07046D871EC7D130496198;3935.
Package atveryend Info: Empty hook `AtVeryVeryEnd' on input line 897.
 ) 
Here is how much of TeX's memory you used:
 8839 strings out of 493029
 126324 string characters out of 6136234
 263589 words of memory out of 5000000
 12124 multiletter control sequences out of 15000+600000
 63810 words of font info for 50 fonts, out of 8000000 for 9000
 1141 hyphenation exceptions out of 8191
 162i,8n,364p,806b,665s stack positions out of 5000i,500n,10000p,200000b,80000s
{/usr/share/texmf/fonts/enc/dvips/lm/lm-ec.enc}{/usr/share/texmf/fonts/enc/dv
ips/lm/lm-rm.enc}{/usr/share/texmf/fonts/enc/dvips/lm/lm-mathsy.enc}</usr/share
/texlive/texmf-dist/fonts/type1/public/amsfonts/latxfont/lcircle1.pfb></usr/sha
re/texmf/fonts/type1/public/lm/lmbx10.pfb></usr/share/texmf/fonts/type1/public/
lm/lmbx12.pfb></usr/share/texmf/fonts/type1/public/lm/lmr10.pfb></usr/share/tex
mf/fonts/type1/public/lm/lmr12.pfb></usr/share/texmf/fonts/type1/public/lm/lmri
10.pfb></usr/share/texmf/fonts/type1/public/lm/lmss10.pfb></usr/share/texmf/fon
ts/type1/public/lm/lmss12.pfb></usr/share/texmf/fonts/type1/public/lm/lmss8.pfb
></usr/share/texmf/fonts/type1/public/lm/lmsy10.pfb></usr/share/texmf/fonts/typ
e1/public/lm/lmtt10.pfb>
Output written on feria-agrupaciones-2018-2.pdf (20 pages, 6756647 bytes).
PDF statistics:
 426 PDF objects out of 1000 (max. 8388607)
 371 compressed objects within 4 object streams
 80 named destinations out of 1000 (max. 500000)
 401 words of extra memory for PDF output out of 10000 (max. 10000000)

